[2014-01-30 01:01:45] local.ERROR: exception 'Symfony\Component\HttpKernel\Exception\NotFoundHttpException' in /Users/MmeR/Sites/appms/vendor/laravel/framework/src/Illuminate/Routing/RouteCollection.php:140
Stack trace:
#0 /Users/MmeR/Sites/appms/vendor/laravel/framework/src/Illuminate/Routing/Router.php(1010): Illuminate\Routing\RouteCollection->match(Object(Illuminate\Http\Request))
#1 /Users/MmeR/Sites/appms/vendor/laravel/framework/src/Illuminate/Routing/Router.php(980): Illuminate\Routing\Router->findRoute(Object(Illuminate\Http\Request))
#2 /Users/MmeR/Sites/appms/vendor/laravel/framework/src/Illuminate/Routing/Router.php(959): Illuminate\Routing\Router->dispatchToRoute(Object(Illuminate\Http\Request))
#3 /Users/MmeR/Sites/appms/vendor/laravel/framework/src/Illuminate/Foundation/Application.php(738): Illuminate\Routing\Router->dispatch(Object(Illuminate\Http\Request))
#4 /Users/MmeR/Sites/appms/vendor/laravel/framework/src/Illuminate/Foundation/Application.php(708): Illuminate\Foundation\Application->dispatch(Object(Illuminate\Http\Request))
#5 /Users/MmeR/Sites/appms/vendor/laravel/framework/src/Illuminate/Http/FrameGuard.php(38): Illuminate\Foundation\Application->handle(Object(Illuminate\Http\Request), 1, true)
#6 /Users/MmeR/Sites/appms/vendor/laravel/framework/src/Illuminate/Session/Middleware.php(72): Illuminate\Http\FrameGuard->handle(Object(Illuminate\Http\Request), 1, true)
#7 /Users/MmeR/Sites/appms/vendor/laravel/framework/src/Illuminate/Cookie/Queue.php(47): Illuminate\Session\Middleware->handle(Object(Illuminate\Http\Request), 1, true)
#8 /Users/MmeR/Sites/appms/vendor/laravel/framework/src/Illuminate/Cookie/Guard.php(51): Illuminate\Cookie\Queue->handle(Object(Illuminate\Http\Request), 1, true)
#9 /Users/MmeR/Sites/appms/vendor/stack/builder/src/Stack/StackedHttpKernel.php(23): Illuminate\Cookie\Guard->handle(Object(Illuminate\Http\Request), 1, true)
#10 /Users/MmeR/Sites/appms/vendor/laravel/framework/src/Illuminate/Foundation/Application.php(606): Stack\StackedHttpKernel->handle(Object(Illuminate\Http\Request))
#11 /Users/MmeR/Sites/appms/public/index.php(49): Illuminate\Foundation\Application->run()
#12 /Users/MmeR/Sites/appms/server.php(19): require_once('/Users/MmeR/Sit...')
#13 {main} [] []
[2014-01-30 01:01:48] local.ERROR: exception 'Symfony\Component\HttpKernel\Exception\NotFoundHttpException' in /Users/MmeR/Sites/appms/vendor/laravel/framework/src/Illuminate/Routing/RouteCollection.php:140
Stack trace:
#0 /Users/MmeR/Sites/appms/vendor/laravel/framework/src/Illuminate/Routing/Router.php(1010): Illuminate\Routing\RouteCollection->match(Object(Illuminate\Http\Request))
#1 /Users/MmeR/Sites/appms/vendor/laravel/framework/src/Illuminate/Routing/Router.php(980): Illuminate\Routing\Router->findRoute(Object(Illuminate\Http\Request))
#2 /Users/MmeR/Sites/appms/vendor/laravel/framework/src/Illuminate/Routing/Router.php(959): Illuminate\Routing\Router->dispatchToRoute(Object(Illuminate\Http\Request))
#3 /Users/MmeR/Sites/appms/vendor/laravel/framework/src/Illuminate/Foundation/Application.php(738): Illuminate\Routing\Router->dispatch(Object(Illuminate\Http\Request))
#4 /Users/MmeR/Sites/appms/vendor/laravel/framework/src/Illuminate/Foundation/Application.php(708): Illuminate\Foundation\Application->dispatch(Object(Illuminate\Http\Request))
#5 /Users/MmeR/Sites/appms/vendor/laravel/framework/src/Illuminate/Http/FrameGuard.php(38): Illuminate\Foundation\Application->handle(Object(Illuminate\Http\Request), 1, true)
#6 /Users/MmeR/Sites/appms/vendor/laravel/framework/src/Illuminate/Session/Middleware.php(72): Illuminate\Http\FrameGuard->handle(Object(Illuminate\Http\Request), 1, true)
#7 /Users/MmeR/Sites/appms/vendor/laravel/framework/src/Illuminate/Cookie/Queue.php(47): Illuminate\Session\Middleware->handle(Object(Illuminate\Http\Request), 1, true)
#8 /Users/MmeR/Sites/appms/vendor/laravel/framework/src/Illuminate/Cookie/Guard.php(51): Illuminate\Cookie\Queue->handle(Object(Illuminate\Http\Request), 1, true)
#9 /Users/MmeR/Sites/appms/vendor/stack/builder/src/Stack/StackedHttpKernel.php(23): Illuminate\Cookie\Guard->handle(Object(Illuminate\Http\Request), 1, true)
#10 /Users/MmeR/Sites/appms/vendor/laravel/framework/src/Illuminate/Foundation/Application.php(606): Stack\StackedHttpKernel->handle(Object(Illuminate\Http\Request))
#11 /Users/MmeR/Sites/appms/public/index.php(49): Illuminate\Foundation\Application->run()
#12 /Users/MmeR/Sites/appms/server.php(19): require_once('/Users/MmeR/Sit...')
#13 {main} [] []
[2014-01-30 01:01:54] local.ERROR: exception 'Symfony\Component\HttpKernel\Exception\NotFoundHttpException' in /Users/MmeR/Sites/appms/vendor/laravel/framework/src/Illuminate/Routing/RouteCollection.php:140
Stack trace:
#0 /Users/MmeR/Sites/appms/vendor/laravel/framework/src/Illuminate/Routing/Router.php(1010): Illuminate\Routing\RouteCollection->match(Object(Illuminate\Http\Request))
#1 /Users/MmeR/Sites/appms/vendor/laravel/framework/src/Illuminate/Routing/Router.php(980): Illuminate\Routing\Router->findRoute(Object(Illuminate\Http\Request))
#2 /Users/MmeR/Sites/appms/vendor/laravel/framework/src/Illuminate/Routing/Router.php(959): Illuminate\Routing\Router->dispatchToRoute(Object(Illuminate\Http\Request))
#3 /Users/MmeR/Sites/appms/vendor/laravel/framework/src/Illuminate/Foundation/Application.php(738): Illuminate\Routing\Router->dispatch(Object(Illuminate\Http\Request))
#4 /Users/MmeR/Sites/appms/vendor/laravel/framework/src/Illuminate/Foundation/Application.php(708): Illuminate\Foundation\Application->dispatch(Object(Illuminate\Http\Request))
#5 /Users/MmeR/Sites/appms/vendor/laravel/framework/src/Illuminate/Http/FrameGuard.php(38): Illuminate\Foundation\Application->handle(Object(Illuminate\Http\Request), 1, true)
#6 /Users/MmeR/Sites/appms/vendor/laravel/framework/src/Illuminate/Session/Middleware.php(72): Illuminate\Http\FrameGuard->handle(Object(Illuminate\Http\Request), 1, true)
#7 /Users/MmeR/Sites/appms/vendor/laravel/framework/src/Illuminate/Cookie/Queue.php(47): Illuminate\Session\Middleware->handle(Object(Illuminate\Http\Request), 1, true)
#8 /Users/MmeR/Sites/appms/vendor/laravel/framework/src/Illuminate/Cookie/Guard.php(51): Illuminate\Cookie\Queue->handle(Object(Illuminate\Http\Request), 1, true)
#9 /Users/MmeR/Sites/appms/vendor/stack/builder/src/Stack/StackedHttpKernel.php(23): Illuminate\Cookie\Guard->handle(Object(Illuminate\Http\Request), 1, true)
#10 /Users/MmeR/Sites/appms/vendor/laravel/framework/src/Illuminate/Foundation/Application.php(606): Stack\StackedHttpKernel->handle(Object(Illuminate\Http\Request))
#11 /Users/MmeR/Sites/appms/public/index.php(49): Illuminate\Foundation\Application->run()
#12 /Users/MmeR/Sites/appms/server.php(19): require_once('/Users/MmeR/Sit...')
#13 {main} [] []
[2014-01-30 01:05:46] local.ERROR: exception 'Symfony\Component\HttpKernel\Exception\NotFoundHttpException' in /Users/MmeR/Sites/appms/vendor/laravel/framework/src/Illuminate/Routing/RouteCollection.php:140
Stack trace:
#0 /Users/MmeR/Sites/appms/vendor/laravel/framework/src/Illuminate/Routing/Router.php(1010): Illuminate\Routing\RouteCollection->match(Object(Illuminate\Http\Request))
#1 /Users/MmeR/Sites/appms/vendor/laravel/framework/src/Illuminate/Routing/Router.php(980): Illuminate\Routing\Router->findRoute(Object(Illuminate\Http\Request))
#2 /Users/MmeR/Sites/appms/vendor/laravel/framework/src/Illuminate/Routing/Router.php(959): Illuminate\Routing\Router->dispatchToRoute(Object(Illuminate\Http\Request))
#3 /Users/MmeR/Sites/appms/vendor/laravel/framework/src/Illuminate/Foundation/Application.php(738): Illuminate\Routing\Router->dispatch(Object(Illuminate\Http\Request))
#4 /Users/MmeR/Sites/appms/vendor/laravel/framework/src/Illuminate/Foundation/Application.php(708): Illuminate\Foundation\Application->dispatch(Object(Illuminate\Http\Request))
#5 /Users/MmeR/Sites/appms/vendor/laravel/framework/src/Illuminate/Http/FrameGuard.php(38): Illuminate\Foundation\Application->handle(Object(Illuminate\Http\Request), 1, true)
#6 /Users/MmeR/Sites/appms/vendor/laravel/framework/src/Illuminate/Session/Middleware.php(72): Illuminate\Http\FrameGuard->handle(Object(Illuminate\Http\Request), 1, true)
#7 /Users/MmeR/Sites/appms/vendor/laravel/framework/src/Illuminate/Cookie/Queue.php(47): Illuminate\Session\Middleware->handle(Object(Illuminate\Http\Request), 1, true)
#8 /Users/MmeR/Sites/appms/vendor/laravel/framework/src/Illuminate/Cookie/Guard.php(51): Illuminate\Cookie\Queue->handle(Object(Illuminate\Http\Request), 1, true)
#9 /Users/MmeR/Sites/appms/vendor/stack/builder/src/Stack/StackedHttpKernel.php(23): Illuminate\Cookie\Guard->handle(Object(Illuminate\Http\Request), 1, true)
#10 /Users/MmeR/Sites/appms/vendor/laravel/framework/src/Illuminate/Foundation/Application.php(606): Stack\StackedHttpKernel->handle(Object(Illuminate\Http\Request))
#11 /Users/MmeR/Sites/appms/public/index.php(49): Illuminate\Foundation\Application->run()
#12 /Users/MmeR/Sites/appms/server.php(19): require_once('/Users/MmeR/Sit...')
#13 {main} [] []
[2014-01-30 01:06:12] local.ERROR: exception 'Symfony\Component\HttpKernel\Exception\NotFoundHttpException' in /Users/MmeR/Sites/appms/vendor/laravel/framework/src/Illuminate/Routing/RouteCollection.php:140
Stack trace:
#0 /Users/MmeR/Sites/appms/vendor/laravel/framework/src/Illuminate/Routing/Router.php(1010): Illuminate\Routing\RouteCollection->match(Object(Illuminate\Http\Request))
#1 /Users/MmeR/Sites/appms/vendor/laravel/framework/src/Illuminate/Routing/Router.php(980): Illuminate\Routing\Router->findRoute(Object(Illuminate\Http\Request))
#2 /Users/MmeR/Sites/appms/vendor/laravel/framework/src/Illuminate/Routing/Router.php(959): Illuminate\Routing\Router->dispatchToRoute(Object(Illuminate\Http\Request))
#3 /Users/MmeR/Sites/appms/vendor/laravel/framework/src/Illuminate/Foundation/Application.php(738): Illuminate\Routing\Router->dispatch(Object(Illuminate\Http\Request))
#4 /Users/MmeR/Sites/appms/vendor/laravel/framework/src/Illuminate/Foundation/Application.php(708): Illuminate\Foundation\Application->dispatch(Object(Illuminate\Http\Request))
#5 /Users/MmeR/Sites/appms/vendor/laravel/framework/src/Illuminate/Http/FrameGuard.php(38): Illuminate\Foundation\Application->handle(Object(Illuminate\Http\Request), 1, true)
#6 /Users/MmeR/Sites/appms/vendor/laravel/framework/src/Illuminate/Session/Middleware.php(72): Illuminate\Http\FrameGuard->handle(Object(Illuminate\Http\Request), 1, true)
#7 /Users/MmeR/Sites/appms/vendor/laravel/framework/src/Illuminate/Cookie/Queue.php(47): Illuminate\Session\Middleware->handle(Object(Illuminate\Http\Request), 1, true)
#8 /Users/MmeR/Sites/appms/vendor/laravel/framework/src/Illuminate/Cookie/Guard.php(51): Illuminate\Cookie\Queue->handle(Object(Illuminate\Http\Request), 1, true)
#9 /Users/MmeR/Sites/appms/vendor/stack/builder/src/Stack/StackedHttpKernel.php(23): Illuminate\Cookie\Guard->handle(Object(Illuminate\Http\Request), 1, true)
#10 /Users/MmeR/Sites/appms/vendor/laravel/framework/src/Illuminate/Foundation/Application.php(606): Stack\StackedHttpKernel->handle(Object(Illuminate\Http\Request))
#11 /Users/MmeR/Sites/appms/public/index.php(49): Illuminate\Foundation\Application->run()
#12 /Users/MmeR/Sites/appms/server.php(19): require_once('/Users/MmeR/Sit...')
#13 {main} [] []
[2014-01-30 01:10:19] local.ERROR: exception 'ErrorException' with message 'Non-static method Indianajone\Applications\Application::genKey() should not be called statically, assuming $this from incompatible context' in /Users/MmeR/Sites/appms/workbench/indianajone/applications/src/controllers/ApplicationController.php:72
Stack trace:
#0 /Users/MmeR/Sites/appms/workbench/indianajone/applications/src/controllers/ApplicationController.php(72): Illuminate\Exception\Handler->handleError(2048, 'Non-static meth...', '/Users/MmeR/Sit...', 72, Array)
#1 /Users/MmeR/Sites/appms/workbench/indianajone/applications/src/controllers/ApplicationController.php(46): Indianajone\Applications\Controllers\ApplicationController->store()
#2 [internal function]: Indianajone\Applications\Controllers\ApplicationController->create()
#3 /Users/MmeR/Sites/appms/vendor/laravel/framework/src/Illuminate/Routing/Controller.php(194): call_user_func_array(Array, Array)
#4 /Users/MmeR/Sites/appms/vendor/laravel/framework/src/Illuminate/Routing/ControllerDispatcher.php(93): Illuminate\Routing\Controller->callAction('create', Array)
#5 /Users/MmeR/Sites/appms/vendor/laravel/framework/src/Illuminate/Routing/ControllerDispatcher.php(62): Illuminate\Routing\ControllerDispatcher->call(Object(Indianajone\Applications\Controllers\ApplicationController), Object(Illuminate\Routing\Route), 'create')
#6 /Users/MmeR/Sites/appms/vendor/laravel/framework/src/Illuminate/Routing/Router.php(925): Illuminate\Routing\ControllerDispatcher->dispatch(Object(Illuminate\Routing\Route), Object(Illuminate\Http\Request), 'Indianajone\App...', 'create')
#7 [internal function]: Illuminate\Routing\Router->Illuminate\Routing\{closure}()
#8 /Users/MmeR/Sites/appms/vendor/laravel/framework/src/Illuminate/Routing/Route.php(105): call_user_func_array(Object(Closure), Array)
#9 /Users/MmeR/Sites/appms/vendor/laravel/framework/src/Illuminate/Routing/Router.php(989): Illuminate\Routing\Route->run(Object(Illuminate\Http\Request))
#10 /Users/MmeR/Sites/appms/vendor/laravel/framework/src/Illuminate/Routing/Router.php(959): Illuminate\Routing\Router->dispatchToRoute(Object(Illuminate\Http\Request))
#11 /Users/MmeR/Sites/appms/vendor/laravel/framework/src/Illuminate/Foundation/Application.php(738): Illuminate\Routing\Router->dispatch(Object(Illuminate\Http\Request))
#12 /Users/MmeR/Sites/appms/vendor/laravel/framework/src/Illuminate/Foundation/Application.php(708): Illuminate\Foundation\Application->dispatch(Object(Illuminate\Http\Request))
#13 /Users/MmeR/Sites/appms/vendor/laravel/framework/src/Illuminate/Http/FrameGuard.php(38): Illuminate\Foundation\Application->handle(Object(Illuminate\Http\Request), 1, true)
#14 /Users/MmeR/Sites/appms/vendor/laravel/framework/src/Illuminate/Session/Middleware.php(72): Illuminate\Http\FrameGuard->handle(Object(Illuminate\Http\Request), 1, true)
#15 /Users/MmeR/Sites/appms/vendor/laravel/framework/src/Illuminate/Cookie/Queue.php(47): Illuminate\Session\Middleware->handle(Object(Illuminate\Http\Request), 1, true)
#16 /Users/MmeR/Sites/appms/vendor/laravel/framework/src/Illuminate/Cookie/Guard.php(51): Illuminate\Cookie\Queue->handle(Object(Illuminate\Http\Request), 1, true)
#17 /Users/MmeR/Sites/appms/vendor/stack/builder/src/Stack/StackedHttpKernel.php(23): Illuminate\Cookie\Guard->handle(Object(Illuminate\Http\Request), 1, true)
#18 /Users/MmeR/Sites/appms/vendor/laravel/framework/src/Illuminate/Foundation/Application.php(606): Stack\StackedHttpKernel->handle(Object(Illuminate\Http\Request))
#19 /Users/MmeR/Sites/appms/public/index.php(49): Illuminate\Foundation\Application->run()
#20 /Users/MmeR/Sites/appms/server.php(19): require_once('/Users/MmeR/Sit...')
#21 {main} [] []
[2014-01-30 01:11:07] local.ERROR: exception 'ErrorException' with message 'Class 'Indianajone\Applications\Facades\ApplicationFacade' not found' in /Users/MmeR/Sites/appms/vendor/laravel/framework/src/Illuminate/Foundation/AliasLoader.php:64
Stack trace:
#0 [internal function]: Illuminate\Exception\Handler->handleError(2, 'Class 'Indianaj...', '/Users/MmeR/Sit...', 64, Array)
#1 /Users/MmeR/Sites/appms/vendor/laravel/framework/src/Illuminate/Foundation/AliasLoader.php(64): class_alias('Indianajone\App...', 'Appl')
#2 [internal function]: Illuminate\Foundation\AliasLoader->load('Appl')
#3 /Users/MmeR/Sites/appms/workbench/indianajone/applications/src/controllers/ApplicationController.php(72): spl_autoload_call('Appl')
#4 /Users/MmeR/Sites/appms/workbench/indianajone/applications/src/controllers/ApplicationController.php(46): Indianajone\Applications\Controllers\ApplicationController->store()
#5 [internal function]: Indianajone\Applications\Controllers\ApplicationController->create()
#6 /Users/MmeR/Sites/appms/vendor/laravel/framework/src/Illuminate/Routing/Controller.php(194): call_user_func_array(Array, Array)
#7 /Users/MmeR/Sites/appms/vendor/laravel/framework/src/Illuminate/Routing/ControllerDispatcher.php(93): Illuminate\Routing\Controller->callAction('create', Array)
#8 /Users/MmeR/Sites/appms/vendor/laravel/framework/src/Illuminate/Routing/ControllerDispatcher.php(62): Illuminate\Routing\ControllerDispatcher->call(Object(Indianajone\Applications\Controllers\ApplicationController), Object(Illuminate\Routing\Route), 'create')
#9 /Users/MmeR/Sites/appms/vendor/laravel/framework/src/Illuminate/Routing/Router.php(925): Illuminate\Routing\ControllerDispatcher->dispatch(Object(Illuminate\Routing\Route), Object(Illuminate\Http\Request), 'Indianajone\App...', 'create')
#10 [internal function]: Illuminate\Routing\Router->Illuminate\Routing\{closure}()
#11 /Users/MmeR/Sites/appms/vendor/laravel/framework/src/Illuminate/Routing/Route.php(105): call_user_func_array(Object(Closure), Array)
#12 /Users/MmeR/Sites/appms/vendor/laravel/framework/src/Illuminate/Routing/Router.php(989): Illuminate\Routing\Route->run(Object(Illuminate\Http\Request))
#13 /Users/MmeR/Sites/appms/vendor/laravel/framework/src/Illuminate/Routing/Router.php(959): Illuminate\Routing\Router->dispatchToRoute(Object(Illuminate\Http\Request))
#14 /Users/MmeR/Sites/appms/vendor/laravel/framework/src/Illuminate/Foundation/Application.php(738): Illuminate\Routing\Router->dispatch(Object(Illuminate\Http\Request))
#15 /Users/MmeR/Sites/appms/vendor/laravel/framework/src/Illuminate/Foundation/Application.php(708): Illuminate\Foundation\Application->dispatch(Object(Illuminate\Http\Request))
#16 /Users/MmeR/Sites/appms/vendor/laravel/framework/src/Illuminate/Http/FrameGuard.php(38): Illuminate\Foundation\Application->handle(Object(Illuminate\Http\Request), 1, true)
#17 /Users/MmeR/Sites/appms/vendor/laravel/framework/src/Illuminate/Session/Middleware.php(72): Illuminate\Http\FrameGuard->handle(Object(Illuminate\Http\Request), 1, true)
#18 /Users/MmeR/Sites/appms/vendor/laravel/framework/src/Illuminate/Cookie/Queue.php(47): Illuminate\Session\Middleware->handle(Object(Illuminate\Http\Request), 1, true)
#19 /Users/MmeR/Sites/appms/vendor/laravel/framework/src/Illuminate/Cookie/Guard.php(51): Illuminate\Cookie\Queue->handle(Object(Illuminate\Http\Request), 1, true)
#20 /Users/MmeR/Sites/appms/vendor/stack/builder/src/Stack/StackedHttpKernel.php(23): Illuminate\Cookie\Guard->handle(Object(Illuminate\Http\Request), 1, true)
#21 /Users/MmeR/Sites/appms/vendor/laravel/framework/src/Illuminate/Foundation/Application.php(606): Stack\StackedHttpKernel->handle(Object(Illuminate\Http\Request))
#22 /Users/MmeR/Sites/appms/public/index.php(49): Illuminate\Foundation\Application->run()
#23 /Users/MmeR/Sites/appms/server.php(19): require_once('/Users/MmeR/Sit...')
#24 {main} [] []
[2014-01-30 01:11:48] local.ERROR: exception 'ErrorException' with message 'Class 'Indianajone\Applications\Facades\ApplicationFacade' not found' in /Users/MmeR/Sites/appms/vendor/laravel/framework/src/Illuminate/Foundation/AliasLoader.php:64
Stack trace:
#0 [internal function]: Illuminate\Exception\Handler->handleError(2, 'Class 'Indianaj...', '/Users/MmeR/Sit...', 64, Array)
#1 /Users/MmeR/Sites/appms/vendor/laravel/framework/src/Illuminate/Foundation/AliasLoader.php(64): class_alias('Indianajone\App...', 'Appl')
#2 [internal function]: Illuminate\Foundation\AliasLoader->load('Appl')
#3 /Users/MmeR/Sites/appms/workbench/indianajone/applications/src/controllers/ApplicationController.php(72): spl_autoload_call('Appl')
#4 /Users/MmeR/Sites/appms/workbench/indianajone/applications/src/controllers/ApplicationController.php(46): Indianajone\Applications\Controllers\ApplicationController->store()
#5 [internal function]: Indianajone\Applications\Controllers\ApplicationController->create()
#6 /Users/MmeR/Sites/appms/vendor/laravel/framework/src/Illuminate/Routing/Controller.php(194): call_user_func_array(Array, Array)
#7 /Users/MmeR/Sites/appms/vendor/laravel/framework/src/Illuminate/Routing/ControllerDispatcher.php(93): Illuminate\Routing\Controller->callAction('create', Array)
#8 /Users/MmeR/Sites/appms/vendor/laravel/framework/src/Illuminate/Routing/ControllerDispatcher.php(62): Illuminate\Routing\ControllerDispatcher->call(Object(Indianajone\Applications\Controllers\ApplicationController), Object(Illuminate\Routing\Route), 'create')
#9 /Users/MmeR/Sites/appms/vendor/laravel/framework/src/Illuminate/Routing/Router.php(925): Illuminate\Routing\ControllerDispatcher->dispatch(Object(Illuminate\Routing\Route), Object(Illuminate\Http\Request), 'Indianajone\App...', 'create')
#10 [internal function]: Illuminate\Routing\Router->Illuminate\Routing\{closure}()
#11 /Users/MmeR/Sites/appms/vendor/laravel/framework/src/Illuminate/Routing/Route.php(105): call_user_func_array(Object(Closure), Array)
#12 /Users/MmeR/Sites/appms/vendor/laravel/framework/src/Illuminate/Routing/Router.php(989): Illuminate\Routing\Route->run(Object(Illuminate\Http\Request))
#13 /Users/MmeR/Sites/appms/vendor/laravel/framework/src/Illuminate/Routing/Router.php(959): Illuminate\Routing\Router->dispatchToRoute(Object(Illuminate\Http\Request))
#14 /Users/MmeR/Sites/appms/vendor/laravel/framework/src/Illuminate/Foundation/Application.php(738): Illuminate\Routing\Router->dispatch(Object(Illuminate\Http\Request))
#15 /Users/MmeR/Sites/appms/vendor/laravel/framework/src/Illuminate/Foundation/Application.php(708): Illuminate\Foundation\Application->dispatch(Object(Illuminate\Http\Request))
#16 /Users/MmeR/Sites/appms/vendor/laravel/framework/src/Illuminate/Http/FrameGuard.php(38): Illuminate\Foundation\Application->handle(Object(Illuminate\Http\Request), 1, true)
#17 /Users/MmeR/Sites/appms/vendor/laravel/framework/src/Illuminate/Session/Middleware.php(72): Illuminate\Http\FrameGuard->handle(Object(Illuminate\Http\Request), 1, true)
#18 /Users/MmeR/Sites/appms/vendor/laravel/framework/src/Illuminate/Cookie/Queue.php(47): Illuminate\Session\Middleware->handle(Object(Illuminate\Http\Request), 1, true)
#19 /Users/MmeR/Sites/appms/vendor/laravel/framework/src/Illuminate/Cookie/Guard.php(51): Illuminate\Cookie\Queue->handle(Object(Illuminate\Http\Request), 1, true)
#20 /Users/MmeR/Sites/appms/vendor/stack/builder/src/Stack/StackedHttpKernel.php(23): Illuminate\Cookie\Guard->handle(Object(Illuminate\Http\Request), 1, true)
#21 /Users/MmeR/Sites/appms/vendor/laravel/framework/src/Illuminate/Foundation/Application.php(606): Stack\StackedHttpKernel->handle(Object(Illuminate\Http\Request))
#22 /Users/MmeR/Sites/appms/public/index.php(49): Illuminate\Foundation\Application->run()
#23 /Users/MmeR/Sites/appms/server.php(19): require_once('/Users/MmeR/Sit...')
#24 {main} [] []
[2014-01-30 01:12:27] local.ERROR: exception 'Symfony\Component\Debug\Exception\FatalErrorException' with message 'Call to undefined method Indianajone\Applications\Facades\Application::genKey()' in /Users/MmeR/Sites/appms/workbench/max/user/vendor/illuminate/support/Illuminate/Support/Facades/Facade.php:205
Stack trace:
#0 [internal function]: Illuminate\Exception\Handler->handleShutdown()
#1 {main} [] []
[2014-01-30 01:13:35] local.ERROR: exception 'Symfony\Component\Debug\Exception\FatalErrorException' with message 'Call to undefined method Indianajone\Applications\Facades\Application::genKey()' in /Users/MmeR/Sites/appms/workbench/max/user/vendor/illuminate/support/Illuminate/Support/Facades/Facade.php:205
Stack trace:
#0 [internal function]: Illuminate\Exception\Handler->handleShutdown()
#1 {main} [] []
[2014-01-30 01:13:36] local.ERROR: exception 'Symfony\Component\Debug\Exception\FatalErrorException' with message 'Call to undefined method Indianajone\Applications\Facades\Application::genKey()' in /Users/MmeR/Sites/appms/workbench/max/user/vendor/illuminate/support/Illuminate/Support/Facades/Facade.php:205
Stack trace:
#0 [internal function]: Illuminate\Exception\Handler->handleShutdown()
#1 {main} [] []
[2014-01-30 01:13:36] local.ERROR: exception 'Symfony\Component\Debug\Exception\FatalErrorException' with message 'Call to undefined method Indianajone\Applications\Facades\Application::genKey()' in /Users/MmeR/Sites/appms/workbench/max/user/vendor/illuminate/support/Illuminate/Support/Facades/Facade.php:205
Stack trace:
#0 [internal function]: Illuminate\Exception\Handler->handleShutdown()
#1 {main} [] []
[2014-01-30 01:13:36] local.ERROR: exception 'Symfony\Component\Debug\Exception\FatalErrorException' with message 'Call to undefined method Indianajone\Applications\Facades\Application::genKey()' in /Users/MmeR/Sites/appms/workbench/max/user/vendor/illuminate/support/Illuminate/Support/Facades/Facade.php:205
Stack trace:
#0 [internal function]: Illuminate\Exception\Handler->handleShutdown()
#1 {main} [] []
[2014-01-30 01:13:37] local.ERROR: exception 'Symfony\Component\Debug\Exception\FatalErrorException' with message 'Call to undefined method Indianajone\Applications\Facades\Application::genKey()' in /Users/MmeR/Sites/appms/workbench/max/user/vendor/illuminate/support/Illuminate/Support/Facades/Facade.php:205
Stack trace:
#0 [internal function]: Illuminate\Exception\Handler->handleShutdown()
#1 {main} [] []
[2014-01-30 01:13:51] local.ERROR: exception 'ErrorException' with message 'Non-static method Indianajone\Applications\Application::genKey() should not be called statically, assuming $this from incompatible context' in /Users/MmeR/Sites/appms/workbench/indianajone/applications/src/controllers/ApplicationController.php:72
Stack trace:
#0 /Users/MmeR/Sites/appms/workbench/indianajone/applications/src/controllers/ApplicationController.php(72): Illuminate\Exception\Handler->handleError(2048, 'Non-static meth...', '/Users/MmeR/Sit...', 72, Array)
#1 /Users/MmeR/Sites/appms/workbench/indianajone/applications/src/controllers/ApplicationController.php(46): Indianajone\Applications\Controllers\ApplicationController->store()
#2 [internal function]: Indianajone\Applications\Controllers\ApplicationController->create()
#3 /Users/MmeR/Sites/appms/vendor/laravel/framework/src/Illuminate/Routing/Controller.php(194): call_user_func_array(Array, Array)
#4 /Users/MmeR/Sites/appms/vendor/laravel/framework/src/Illuminate/Routing/ControllerDispatcher.php(93): Illuminate\Routing\Controller->callAction('create', Array)
#5 /Users/MmeR/Sites/appms/vendor/laravel/framework/src/Illuminate/Routing/ControllerDispatcher.php(62): Illuminate\Routing\ControllerDispatcher->call(Object(Indianajone\Applications\Controllers\ApplicationController), Object(Illuminate\Routing\Route), 'create')
#6 /Users/MmeR/Sites/appms/vendor/laravel/framework/src/Illuminate/Routing/Router.php(925): Illuminate\Routing\ControllerDispatcher->dispatch(Object(Illuminate\Routing\Route), Object(Illuminate\Http\Request), 'Indianajone\App...', 'create')
#7 [internal function]: Illuminate\Routing\Router->Illuminate\Routing\{closure}()
#8 /Users/MmeR/Sites/appms/vendor/laravel/framework/src/Illuminate/Routing/Route.php(105): call_user_func_array(Object(Closure), Array)
#9 /Users/MmeR/Sites/appms/vendor/laravel/framework/src/Illuminate/Routing/Router.php(989): Illuminate\Routing\Route->run(Object(Illuminate\Http\Request))
#10 /Users/MmeR/Sites/appms/vendor/laravel/framework/src/Illuminate/Routing/Router.php(959): Illuminate\Routing\Router->dispatchToRoute(Object(Illuminate\Http\Request))
#11 /Users/MmeR/Sites/appms/vendor/laravel/framework/src/Illuminate/Foundation/Application.php(738): Illuminate\Routing\Router->dispatch(Object(Illuminate\Http\Request))
#12 /Users/MmeR/Sites/appms/vendor/laravel/framework/src/Illuminate/Foundation/Application.php(708): Illuminate\Foundation\Application->dispatch(Object(Illuminate\Http\Request))
#13 /Users/MmeR/Sites/appms/vendor/laravel/framework/src/Illuminate/Http/FrameGuard.php(38): Illuminate\Foundation\Application->handle(Object(Illuminate\Http\Request), 1, true)
#14 /Users/MmeR/Sites/appms/vendor/laravel/framework/src/Illuminate/Session/Middleware.php(72): Illuminate\Http\FrameGuard->handle(Object(Illuminate\Http\Request), 1, true)
#15 /Users/MmeR/Sites/appms/vendor/laravel/framework/src/Illuminate/Cookie/Queue.php(47): Illuminate\Session\Middleware->handle(Object(Illuminate\Http\Request), 1, true)
#16 /Users/MmeR/Sites/appms/vendor/laravel/framework/src/Illuminate/Cookie/Guard.php(51): Illuminate\Cookie\Queue->handle(Object(Illuminate\Http\Request), 1, true)
#17 /Users/MmeR/Sites/appms/vendor/stack/builder/src/Stack/StackedHttpKernel.php(23): Illuminate\Cookie\Guard->handle(Object(Illuminate\Http\Request), 1, true)
#18 /Users/MmeR/Sites/appms/vendor/laravel/framework/src/Illuminate/Foundation/Application.php(606): Stack\StackedHttpKernel->handle(Object(Illuminate\Http\Request))
#19 /Users/MmeR/Sites/appms/public/index.php(49): Illuminate\Foundation\Application->run()
#20 /Users/MmeR/Sites/appms/server.php(19): require_once('/Users/MmeR/Sit...')
#21 {main} [] []
[2014-01-30 01:14:45] local.ERROR: exception 'Symfony\Component\HttpKernel\Exception\NotFoundHttpException' in /Users/MmeR/Sites/appms/vendor/laravel/framework/src/Illuminate/Routing/RouteCollection.php:140
Stack trace:
#0 /Users/MmeR/Sites/appms/vendor/laravel/framework/src/Illuminate/Routing/Router.php(1010): Illuminate\Routing\RouteCollection->match(Object(Illuminate\Http\Request))
#1 /Users/MmeR/Sites/appms/vendor/laravel/framework/src/Illuminate/Routing/Router.php(980): Illuminate\Routing\Router->findRoute(Object(Illuminate\Http\Request))
#2 /Users/MmeR/Sites/appms/vendor/laravel/framework/src/Illuminate/Routing/Router.php(959): Illuminate\Routing\Router->dispatchToRoute(Object(Illuminate\Http\Request))
#3 /Users/MmeR/Sites/appms/vendor/laravel/framework/src/Illuminate/Foundation/Application.php(738): Illuminate\Routing\Router->dispatch(Object(Illuminate\Http\Request))
#4 /Users/MmeR/Sites/appms/vendor/laravel/framework/src/Illuminate/Foundation/Application.php(708): Illuminate\Foundation\Application->dispatch(Object(Illuminate\Http\Request))
#5 /Users/MmeR/Sites/appms/vendor/laravel/framework/src/Illuminate/Http/FrameGuard.php(38): Illuminate\Foundation\Application->handle(Object(Illuminate\Http\Request), 1, true)
#6 /Users/MmeR/Sites/appms/vendor/laravel/framework/src/Illuminate/Session/Middleware.php(72): Illuminate\Http\FrameGuard->handle(Object(Illuminate\Http\Request), 1, true)
#7 /Users/MmeR/Sites/appms/vendor/laravel/framework/src/Illuminate/Cookie/Queue.php(47): Illuminate\Session\Middleware->handle(Object(Illuminate\Http\Request), 1, true)
#8 /Users/MmeR/Sites/appms/vendor/laravel/framework/src/Illuminate/Cookie/Guard.php(51): Illuminate\Cookie\Queue->handle(Object(Illuminate\Http\Request), 1, true)
#9 /Users/MmeR/Sites/appms/vendor/stack/builder/src/Stack/StackedHttpKernel.php(23): Illuminate\Cookie\Guard->handle(Object(Illuminate\Http\Request), 1, true)
#10 /Users/MmeR/Sites/appms/vendor/laravel/framework/src/Illuminate/Foundation/Application.php(606): Stack\StackedHttpKernel->handle(Object(Illuminate\Http\Request))
#11 /Users/MmeR/Sites/appms/public/index.php(49): Illuminate\Foundation\Application->run()
#12 /Users/MmeR/Sites/appms/server.php(19): require_once('/Users/MmeR/Sit...')
#13 {main} [] []
[2014-01-30 01:15:17] local.ERROR: exception 'Symfony\Component\HttpKernel\Exception\NotFoundHttpException' in /Users/MmeR/Sites/appms/vendor/laravel/framework/src/Illuminate/Routing/RouteCollection.php:140
Stack trace:
#0 /Users/MmeR/Sites/appms/vendor/laravel/framework/src/Illuminate/Routing/Router.php(1010): Illuminate\Routing\RouteCollection->match(Object(Illuminate\Http\Request))
#1 /Users/MmeR/Sites/appms/vendor/laravel/framework/src/Illuminate/Routing/Router.php(980): Illuminate\Routing\Router->findRoute(Object(Illuminate\Http\Request))
#2 /Users/MmeR/Sites/appms/vendor/laravel/framework/src/Illuminate/Routing/Router.php(959): Illuminate\Routing\Router->dispatchToRoute(Object(Illuminate\Http\Request))
#3 /Users/MmeR/Sites/appms/vendor/laravel/framework/src/Illuminate/Foundation/Application.php(738): Illuminate\Routing\Router->dispatch(Object(Illuminate\Http\Request))
#4 /Users/MmeR/Sites/appms/vendor/laravel/framework/src/Illuminate/Foundation/Application.php(708): Illuminate\Foundation\Application->dispatch(Object(Illuminate\Http\Request))
#5 /Users/MmeR/Sites/appms/vendor/laravel/framework/src/Illuminate/Http/FrameGuard.php(38): Illuminate\Foundation\Application->handle(Object(Illuminate\Http\Request), 1, true)
#6 /Users/MmeR/Sites/appms/vendor/laravel/framework/src/Illuminate/Session/Middleware.php(72): Illuminate\Http\FrameGuard->handle(Object(Illuminate\Http\Request), 1, true)
#7 /Users/MmeR/Sites/appms/vendor/laravel/framework/src/Illuminate/Cookie/Queue.php(47): Illuminate\Session\Middleware->handle(Object(Illuminate\Http\Request), 1, true)
#8 /Users/MmeR/Sites/appms/vendor/laravel/framework/src/Illuminate/Cookie/Guard.php(51): Illuminate\Cookie\Queue->handle(Object(Illuminate\Http\Request), 1, true)
#9 /Users/MmeR/Sites/appms/vendor/stack/builder/src/Stack/StackedHttpKernel.php(23): Illuminate\Cookie\Guard->handle(Object(Illuminate\Http\Request), 1, true)
#10 /Users/MmeR/Sites/appms/vendor/laravel/framework/src/Illuminate/Foundation/Application.php(606): Stack\StackedHttpKernel->handle(Object(Illuminate\Http\Request))
#11 /Users/MmeR/Sites/appms/public/index.php(49): Illuminate\Foundation\Application->run()
#12 /Users/MmeR/Sites/appms/server.php(19): require_once('/Users/MmeR/Sit...')
#13 {main} [] []
[2014-01-30 01:15:22] local.ERROR: exception 'Symfony\Component\HttpKernel\Exception\NotFoundHttpException' in /Users/MmeR/Sites/appms/vendor/laravel/framework/src/Illuminate/Routing/RouteCollection.php:140
Stack trace:
#0 /Users/MmeR/Sites/appms/vendor/laravel/framework/src/Illuminate/Routing/Router.php(1010): Illuminate\Routing\RouteCollection->match(Object(Illuminate\Http\Request))
#1 /Users/MmeR/Sites/appms/vendor/laravel/framework/src/Illuminate/Routing/Router.php(980): Illuminate\Routing\Router->findRoute(Object(Illuminate\Http\Request))
#2 /Users/MmeR/Sites/appms/vendor/laravel/framework/src/Illuminate/Routing/Router.php(959): Illuminate\Routing\Router->dispatchToRoute(Object(Illuminate\Http\Request))
#3 /Users/MmeR/Sites/appms/vendor/laravel/framework/src/Illuminate/Foundation/Application.php(738): Illuminate\Routing\Router->dispatch(Object(Illuminate\Http\Request))
#4 /Users/MmeR/Sites/appms/vendor/laravel/framework/src/Illuminate/Foundation/Application.php(708): Illuminate\Foundation\Application->dispatch(Object(Illuminate\Http\Request))
#5 /Users/MmeR/Sites/appms/vendor/laravel/framework/src/Illuminate/Http/FrameGuard.php(38): Illuminate\Foundation\Application->handle(Object(Illuminate\Http\Request), 1, true)
#6 /Users/MmeR/Sites/appms/vendor/laravel/framework/src/Illuminate/Session/Middleware.php(72): Illuminate\Http\FrameGuard->handle(Object(Illuminate\Http\Request), 1, true)
#7 /Users/MmeR/Sites/appms/vendor/laravel/framework/src/Illuminate/Cookie/Queue.php(47): Illuminate\Session\Middleware->handle(Object(Illuminate\Http\Request), 1, true)
#8 /Users/MmeR/Sites/appms/vendor/laravel/framework/src/Illuminate/Cookie/Guard.php(51): Illuminate\Cookie\Queue->handle(Object(Illuminate\Http\Request), 1, true)
#9 /Users/MmeR/Sites/appms/vendor/stack/builder/src/Stack/StackedHttpKernel.php(23): Illuminate\Cookie\Guard->handle(Object(Illuminate\Http\Request), 1, true)
#10 /Users/MmeR/Sites/appms/vendor/laravel/framework/src/Illuminate/Foundation/Application.php(606): Stack\StackedHttpKernel->handle(Object(Illuminate\Http\Request))
#11 /Users/MmeR/Sites/appms/public/index.php(49): Illuminate\Foundation\Application->run()
#12 /Users/MmeR/Sites/appms/server.php(19): require_once('/Users/MmeR/Sit...')
#13 {main} [] []
[2014-01-30 01:15:34] local.ERROR: exception 'Symfony\Component\HttpKernel\Exception\NotFoundHttpException' in /Users/MmeR/Sites/appms/vendor/laravel/framework/src/Illuminate/Routing/RouteCollection.php:140
Stack trace:
#0 /Users/MmeR/Sites/appms/vendor/laravel/framework/src/Illuminate/Routing/Router.php(1010): Illuminate\Routing\RouteCollection->match(Object(Illuminate\Http\Request))
#1 /Users/MmeR/Sites/appms/vendor/laravel/framework/src/Illuminate/Routing/Router.php(980): Illuminate\Routing\Router->findRoute(Object(Illuminate\Http\Request))
#2 /Users/MmeR/Sites/appms/vendor/laravel/framework/src/Illuminate/Routing/Router.php(959): Illuminate\Routing\Router->dispatchToRoute(Object(Illuminate\Http\Request))
#3 /Users/MmeR/Sites/appms/vendor/laravel/framework/src/Illuminate/Foundation/Application.php(738): Illuminate\Routing\Router->dispatch(Object(Illuminate\Http\Request))
#4 /Users/MmeR/Sites/appms/vendor/laravel/framework/src/Illuminate/Foundation/Application.php(708): Illuminate\Foundation\Application->dispatch(Object(Illuminate\Http\Request))
#5 /Users/MmeR/Sites/appms/vendor/laravel/framework/src/Illuminate/Http/FrameGuard.php(38): Illuminate\Foundation\Application->handle(Object(Illuminate\Http\Request), 1, true)
#6 /Users/MmeR/Sites/appms/vendor/laravel/framework/src/Illuminate/Session/Middleware.php(72): Illuminate\Http\FrameGuard->handle(Object(Illuminate\Http\Request), 1, true)
#7 /Users/MmeR/Sites/appms/vendor/laravel/framework/src/Illuminate/Cookie/Queue.php(47): Illuminate\Session\Middleware->handle(Object(Illuminate\Http\Request), 1, true)
#8 /Users/MmeR/Sites/appms/vendor/laravel/framework/src/Illuminate/Cookie/Guard.php(51): Illuminate\Cookie\Queue->handle(Object(Illuminate\Http\Request), 1, true)
#9 /Users/MmeR/Sites/appms/vendor/stack/builder/src/Stack/StackedHttpKernel.php(23): Illuminate\Cookie\Guard->handle(Object(Illuminate\Http\Request), 1, true)
#10 /Users/MmeR/Sites/appms/vendor/laravel/framework/src/Illuminate/Foundation/Application.php(606): Stack\StackedHttpKernel->handle(Object(Illuminate\Http\Request))
#11 /Users/MmeR/Sites/appms/public/index.php(49): Illuminate\Foundation\Application->run()
#12 /Users/MmeR/Sites/appms/server.php(19): require_once('/Users/MmeR/Sit...')
#13 {main} [] []
[2014-01-30 01:15:36] local.ERROR: exception 'Symfony\Component\HttpKernel\Exception\NotFoundHttpException' in /Users/MmeR/Sites/appms/vendor/laravel/framework/src/Illuminate/Routing/RouteCollection.php:140
Stack trace:
#0 /Users/MmeR/Sites/appms/vendor/laravel/framework/src/Illuminate/Routing/Router.php(1010): Illuminate\Routing\RouteCollection->match(Object(Illuminate\Http\Request))
#1 /Users/MmeR/Sites/appms/vendor/laravel/framework/src/Illuminate/Routing/Router.php(980): Illuminate\Routing\Router->findRoute(Object(Illuminate\Http\Request))
#2 /Users/MmeR/Sites/appms/vendor/laravel/framework/src/Illuminate/Routing/Router.php(959): Illuminate\Routing\Router->dispatchToRoute(Object(Illuminate\Http\Request))
#3 /Users/MmeR/Sites/appms/vendor/laravel/framework/src/Illuminate/Foundation/Application.php(738): Illuminate\Routing\Router->dispatch(Object(Illuminate\Http\Request))
#4 /Users/MmeR/Sites/appms/vendor/laravel/framework/src/Illuminate/Foundation/Application.php(708): Illuminate\Foundation\Application->dispatch(Object(Illuminate\Http\Request))
#5 /Users/MmeR/Sites/appms/vendor/laravel/framework/src/Illuminate/Http/FrameGuard.php(38): Illuminate\Foundation\Application->handle(Object(Illuminate\Http\Request), 1, true)
#6 /Users/MmeR/Sites/appms/vendor/laravel/framework/src/Illuminate/Session/Middleware.php(72): Illuminate\Http\FrameGuard->handle(Object(Illuminate\Http\Request), 1, true)
#7 /Users/MmeR/Sites/appms/vendor/laravel/framework/src/Illuminate/Cookie/Queue.php(47): Illuminate\Session\Middleware->handle(Object(Illuminate\Http\Request), 1, true)
#8 /Users/MmeR/Sites/appms/vendor/laravel/framework/src/Illuminate/Cookie/Guard.php(51): Illuminate\Cookie\Queue->handle(Object(Illuminate\Http\Request), 1, true)
#9 /Users/MmeR/Sites/appms/vendor/stack/builder/src/Stack/StackedHttpKernel.php(23): Illuminate\Cookie\Guard->handle(Object(Illuminate\Http\Request), 1, true)
#10 /Users/MmeR/Sites/appms/vendor/laravel/framework/src/Illuminate/Foundation/Application.php(606): Stack\StackedHttpKernel->handle(Object(Illuminate\Http\Request))
#11 /Users/MmeR/Sites/appms/public/index.php(49): Illuminate\Foundation\Application->run()
#12 /Users/MmeR/Sites/appms/server.php(19): require_once('/Users/MmeR/Sit...')
#13 {main} [] []
[2014-01-30 01:26:20] local.ERROR: exception 'Symfony\Component\HttpKernel\Exception\NotFoundHttpException' in /Users/MmeR/Sites/appms/vendor/laravel/framework/src/Illuminate/Routing/RouteCollection.php:140
Stack trace:
#0 /Users/MmeR/Sites/appms/vendor/laravel/framework/src/Illuminate/Routing/Router.php(1010): Illuminate\Routing\RouteCollection->match(Object(Illuminate\Http\Request))
#1 /Users/MmeR/Sites/appms/vendor/laravel/framework/src/Illuminate/Routing/Router.php(980): Illuminate\Routing\Router->findRoute(Object(Illuminate\Http\Request))
#2 /Users/MmeR/Sites/appms/vendor/laravel/framework/src/Illuminate/Routing/Router.php(959): Illuminate\Routing\Router->dispatchToRoute(Object(Illuminate\Http\Request))
#3 /Users/MmeR/Sites/appms/vendor/laravel/framework/src/Illuminate/Foundation/Application.php(738): Illuminate\Routing\Router->dispatch(Object(Illuminate\Http\Request))
#4 /Users/MmeR/Sites/appms/vendor/laravel/framework/src/Illuminate/Foundation/Application.php(708): Illuminate\Foundation\Application->dispatch(Object(Illuminate\Http\Request))
#5 /Users/MmeR/Sites/appms/vendor/laravel/framework/src/Illuminate/Http/FrameGuard.php(38): Illuminate\Foundation\Application->handle(Object(Illuminate\Http\Request), 1, true)
#6 /Users/MmeR/Sites/appms/vendor/laravel/framework/src/Illuminate/Session/Middleware.php(72): Illuminate\Http\FrameGuard->handle(Object(Illuminate\Http\Request), 1, true)
#7 /Users/MmeR/Sites/appms/vendor/laravel/framework/src/Illuminate/Cookie/Queue.php(47): Illuminate\Session\Middleware->handle(Object(Illuminate\Http\Request), 1, true)
#8 /Users/MmeR/Sites/appms/vendor/laravel/framework/src/Illuminate/Cookie/Guard.php(51): Illuminate\Cookie\Queue->handle(Object(Illuminate\Http\Request), 1, true)
#9 /Users/MmeR/Sites/appms/vendor/stack/builder/src/Stack/StackedHttpKernel.php(23): Illuminate\Cookie\Guard->handle(Object(Illuminate\Http\Request), 1, true)
#10 /Users/MmeR/Sites/appms/vendor/laravel/framework/src/Illuminate/Foundation/Application.php(606): Stack\StackedHttpKernel->handle(Object(Illuminate\Http\Request))
#11 /Users/MmeR/Sites/appms/public/index.php(49): Illuminate\Foundation\Application->run()
#12 /Users/MmeR/Sites/appms/server.php(19): require_once('/Users/MmeR/Sit...')
#13 {main} [] []
[2014-01-30 01:26:22] local.ERROR: exception 'Illuminate\Database\QueryException' with message 'SQLSTATE[42S02]: Base table or view not found: 1146 Table 'appms.members' doesn't exist (SQL: select * from `members` where `status` = 1 limit 10 offset 0)' in /Users/MmeR/Sites/appms/workbench/indianajone/roles-and-permissions/vendor/illuminate/database/Illuminate/Database/Connection.php:539
Stack trace:
#0 /Users/MmeR/Sites/appms/workbench/indianajone/roles-and-permissions/vendor/illuminate/database/Illuminate/Database/Connection.php(283): Illuminate\Database\Connection->run('select * from `...', Array, Object(Closure))
#1 /Users/MmeR/Sites/appms/workbench/indianajone/roles-and-permissions/vendor/illuminate/database/Illuminate/Database/Query/Builder.php(1213): Illuminate\Database\Connection->select('select * from `...', Array)
#2 /Users/MmeR/Sites/appms/workbench/indianajone/roles-and-permissions/vendor/illuminate/database/Illuminate/Database/Query/Builder.php(1203): Illuminate\Database\Query\Builder->runSelect()
#3 /Users/MmeR/Sites/appms/workbench/indianajone/roles-and-permissions/vendor/illuminate/database/Illuminate/Database/Query/Builder.php(1190): Illuminate\Database\Query\Builder->getFresh(Array)
#4 /Users/MmeR/Sites/appms/workbench/indianajone/roles-and-permissions/vendor/illuminate/database/Illuminate/Database/Eloquent/Builder.php(444): Illuminate\Database\Query\Builder->get(Array)
#5 /Users/MmeR/Sites/appms/workbench/indianajone/roles-and-permissions/vendor/illuminate/database/Illuminate/Database/Eloquent/Builder.php(135): Illuminate\Database\Eloquent\Builder->getModels(Array)
#6 /Users/MmeR/Sites/appms/workbench/max/member/src/controllers/MemberController.php(28): Illuminate\Database\Eloquent\Builder->get()
#7 [internal function]: Max\Member\Controllers\MemberController->index()
#8 /Users/MmeR/Sites/appms/vendor/laravel/framework/src/Illuminate/Routing/Controller.php(194): call_user_func_array(Array, Array)
#9 /Users/MmeR/Sites/appms/vendor/laravel/framework/src/Illuminate/Routing/ControllerDispatcher.php(93): Illuminate\Routing\Controller->callAction('index', Array)
#10 /Users/MmeR/Sites/appms/vendor/laravel/framework/src/Illuminate/Routing/ControllerDispatcher.php(62): Illuminate\Routing\ControllerDispatcher->call(Object(Max\Member\Controllers\MemberController), Object(Illuminate\Routing\Route), 'index')
#11 /Users/MmeR/Sites/appms/vendor/laravel/framework/src/Illuminate/Routing/Router.php(925): Illuminate\Routing\ControllerDispatcher->dispatch(Object(Illuminate\Routing\Route), Object(Illuminate\Http\Request), 'Max\Member\Cont...', 'index')
#12 [internal function]: Illuminate\Routing\Router->Illuminate\Routing\{closure}()
#13 /Users/MmeR/Sites/appms/vendor/laravel/framework/src/Illuminate/Routing/Route.php(105): call_user_func_array(Object(Closure), Array)
#14 /Users/MmeR/Sites/appms/vendor/laravel/framework/src/Illuminate/Routing/Router.php(989): Illuminate\Routing\Route->run(Object(Illuminate\Http\Request))
#15 /Users/MmeR/Sites/appms/vendor/laravel/framework/src/Illuminate/Routing/Router.php(959): Illuminate\Routing\Router->dispatchToRoute(Object(Illuminate\Http\Request))
#16 /Users/MmeR/Sites/appms/vendor/laravel/framework/src/Illuminate/Foundation/Application.php(738): Illuminate\Routing\Router->dispatch(Object(Illuminate\Http\Request))
#17 /Users/MmeR/Sites/appms/vendor/laravel/framework/src/Illuminate/Foundation/Application.php(708): Illuminate\Foundation\Application->dispatch(Object(Illuminate\Http\Request))
#18 /Users/MmeR/Sites/appms/vendor/laravel/framework/src/Illuminate/Http/FrameGuard.php(38): Illuminate\Foundation\Application->handle(Object(Illuminate\Http\Request), 1, true)
#19 /Users/MmeR/Sites/appms/vendor/laravel/framework/src/Illuminate/Session/Middleware.php(72): Illuminate\Http\FrameGuard->handle(Object(Illuminate\Http\Request), 1, true)
#20 /Users/MmeR/Sites/appms/vendor/laravel/framework/src/Illuminate/Cookie/Queue.php(47): Illuminate\Session\Middleware->handle(Object(Illuminate\Http\Request), 1, true)
#21 /Users/MmeR/Sites/appms/vendor/laravel/framework/src/Illuminate/Cookie/Guard.php(51): Illuminate\Cookie\Queue->handle(Object(Illuminate\Http\Request), 1, true)
#22 /Users/MmeR/Sites/appms/vendor/stack/builder/src/Stack/StackedHttpKernel.php(23): Illuminate\Cookie\Guard->handle(Object(Illuminate\Http\Request), 1, true)
#23 /Users/MmeR/Sites/appms/vendor/laravel/framework/src/Illuminate/Foundation/Application.php(606): Stack\StackedHttpKernel->handle(Object(Illuminate\Http\Request))
#24 /Users/MmeR/Sites/appms/public/index.php(49): Illuminate\Foundation\Application->run()
#25 /Users/MmeR/Sites/appms/server.php(19): require_once('/Users/MmeR/Sit...')
#26 {main} [] []
[2014-01-30 01:31:01] local.ERROR: exception 'Symfony\Component\Debug\Exception\FatalErrorException' with message 'Call to undefined method Indianajone\Applications\Facades\Application::getAppIDByKey()' in /Users/MmeR/Sites/appms/workbench/max/user/vendor/illuminate/support/Illuminate/Support/Facades/Facade.php:208
Stack trace:
#0 [internal function]: Illuminate\Exception\Handler->handleShutdown()
#1 {main} [] []
[2014-01-30 01:31:27] local.ERROR: exception 'Symfony\Component\Debug\Exception\FatalErrorException' with message 'Call to undefined method Indianajone\Applications\Facades\Application::getAppIDByKey()' in /Users/MmeR/Sites/appms/workbench/max/user/vendor/illuminate/support/Illuminate/Support/Facades/Facade.php:208
Stack trace:
#0 [internal function]: Illuminate\Exception\Handler->handleShutdown()
#1 {main} [] []
[2014-01-30 01:31:29] local.ERROR: exception 'Symfony\Component\Debug\Exception\FatalErrorException' with message 'Call to undefined method Indianajone\Applications\Facades\Application::getAppIDByKey()' in /Users/MmeR/Sites/appms/workbench/max/user/vendor/illuminate/support/Illuminate/Support/Facades/Facade.php:208
Stack trace:
#0 [internal function]: Illuminate\Exception\Handler->handleShutdown()
#1 {main} [] []
[2014-01-30 01:31:30] local.ERROR: exception 'Symfony\Component\Debug\Exception\FatalErrorException' with message 'Call to undefined method Indianajone\Applications\Facades\Application::getAppIDByKey()' in /Users/MmeR/Sites/appms/workbench/max/user/vendor/illuminate/support/Illuminate/Support/Facades/Facade.php:208
Stack trace:
#0 [internal function]: Illuminate\Exception\Handler->handleShutdown()
#1 {main} [] []
[2014-01-30 01:31:30] local.ERROR: exception 'Symfony\Component\Debug\Exception\FatalErrorException' with message 'Call to undefined method Indianajone\Applications\Facades\Application::getAppIDByKey()' in /Users/MmeR/Sites/appms/workbench/max/user/vendor/illuminate/support/Illuminate/Support/Facades/Facade.php:208
Stack trace:
#0 [internal function]: Illuminate\Exception\Handler->handleShutdown()
#1 {main} [] []
[2014-01-30 01:31:30] local.ERROR: exception 'Symfony\Component\Debug\Exception\FatalErrorException' with message 'Call to undefined method Indianajone\Applications\Facades\Application::getAppIDByKey()' in /Users/MmeR/Sites/appms/workbench/max/user/vendor/illuminate/support/Illuminate/Support/Facades/Facade.php:208
Stack trace:
#0 [internal function]: Illuminate\Exception\Handler->handleShutdown()
#1 {main} [] []
[2014-01-30 01:31:30] local.ERROR: exception 'Symfony\Component\Debug\Exception\FatalErrorException' with message 'Call to undefined method Indianajone\Applications\Facades\Application::getAppIDByKey()' in /Users/MmeR/Sites/appms/workbench/max/user/vendor/illuminate/support/Illuminate/Support/Facades/Facade.php:208
Stack trace:
#0 [internal function]: Illuminate\Exception\Handler->handleShutdown()
#1 {main} [] []
[2014-01-30 01:32:34] local.ERROR: exception 'Symfony\Component\Debug\Exception\FatalErrorException' with message 'Call to undefined method Indianajone\Applications\Facades\Application::getAppIDByKey()' in /Users/MmeR/Sites/appms/workbench/max/user/vendor/illuminate/support/Illuminate/Support/Facades/Facade.php:208
Stack trace:
#0 [internal function]: Illuminate\Exception\Handler->handleShutdown()
#1 {main} [] []
[2014-01-30 01:32:35] local.ERROR: exception 'Symfony\Component\Debug\Exception\FatalErrorException' with message 'Call to undefined method Indianajone\Applications\Facades\Application::getAppIDByKey()' in /Users/MmeR/Sites/appms/workbench/max/user/vendor/illuminate/support/Illuminate/Support/Facades/Facade.php:208
Stack trace:
#0 [internal function]: Illuminate\Exception\Handler->handleShutdown()
#1 {main} [] []
[2014-01-30 01:32:35] local.ERROR: exception 'Symfony\Component\Debug\Exception\FatalErrorException' with message 'Call to undefined method Indianajone\Applications\Facades\Application::getAppIDByKey()' in /Users/MmeR/Sites/appms/workbench/max/user/vendor/illuminate/support/Illuminate/Support/Facades/Facade.php:208
Stack trace:
#0 [internal function]: Illuminate\Exception\Handler->handleShutdown()
#1 {main} [] []
[2014-01-30 01:33:51] local.ERROR: exception 'Symfony\Component\Debug\Exception\FatalErrorException' with message 'Call to undefined method Indianajone\Applications\Facades\Application::getAppIDByKey()' in /Users/MmeR/Sites/appms/workbench/max/user/vendor/illuminate/support/Illuminate/Support/Facades/Facade.php:208
Stack trace:
#0 [internal function]: Illuminate\Exception\Handler->handleShutdown()
#1 {main} [] []
[2014-01-30 01:33:52] local.ERROR: exception 'Symfony\Component\Debug\Exception\FatalErrorException' with message 'Call to undefined method Indianajone\Applications\Facades\Application::getAppIDByKey()' in /Users/MmeR/Sites/appms/workbench/max/user/vendor/illuminate/support/Illuminate/Support/Facades/Facade.php:208
Stack trace:
#0 [internal function]: Illuminate\Exception\Handler->handleShutdown()
#1 {main} [] []
[2014-01-30 01:33:53] local.ERROR: exception 'Symfony\Component\Debug\Exception\FatalErrorException' with message 'Call to undefined method Indianajone\Applications\Facades\Application::getAppIDByKey()' in /Users/MmeR/Sites/appms/workbench/max/user/vendor/illuminate/support/Illuminate/Support/Facades/Facade.php:208
Stack trace:
#0 [internal function]: Illuminate\Exception\Handler->handleShutdown()
#1 {main} [] []
[2014-01-30 01:33:53] local.ERROR: exception 'Symfony\Component\Debug\Exception\FatalErrorException' with message 'Call to undefined method Indianajone\Applications\Facades\Application::getAppIDByKey()' in /Users/MmeR/Sites/appms/workbench/max/user/vendor/illuminate/support/Illuminate/Support/Facades/Facade.php:208
Stack trace:
#0 [internal function]: Illuminate\Exception\Handler->handleShutdown()
#1 {main} [] []
[2014-01-30 01:33:53] local.ERROR: exception 'Symfony\Component\Debug\Exception\FatalErrorException' with message 'Call to undefined method Indianajone\Applications\Facades\Application::getAppIDByKey()' in /Users/MmeR/Sites/appms/workbench/max/user/vendor/illuminate/support/Illuminate/Support/Facades/Facade.php:208
Stack trace:
#0 [internal function]: Illuminate\Exception\Handler->handleShutdown()
#1 {main} [] []
[2014-01-30 01:33:54] local.ERROR: exception 'Symfony\Component\Debug\Exception\FatalErrorException' with message 'Call to undefined method Indianajone\Applications\Facades\Application::getAppIDByKey()' in /Users/MmeR/Sites/appms/workbench/max/user/vendor/illuminate/support/Illuminate/Support/Facades/Facade.php:208
Stack trace:
#0 [internal function]: Illuminate\Exception\Handler->handleShutdown()
#1 {main} [] []
[2014-01-30 01:34:22] local.ERROR: exception 'Symfony\Component\Debug\Exception\FatalErrorException' with message 'Call to undefined method Indianajone\Applications\Appl::whereAppkey()' in /Users/MmeR/Sites/appms/workbench/indianajone/applications/src/Indianajone/Applications/Appl.php:12
Stack trace:
#0 [internal function]: Illuminate\Exception\Handler->handleShutdown()
#1 {main} [] []
[2014-01-30 01:39:02] local.ERROR: exception 'Illuminate\Database\QueryException' with message 'SQLSTATE[42S22]: Column not found: 1054 Unknown column 'app_key' in 'where clause' (SQL: select * from `applications` where `app_key` is null limit 1)' in /Users/MmeR/Sites/appms/workbench/indianajone/roles-and-permissions/vendor/illuminate/database/Illuminate/Database/Connection.php:539
Stack trace:
#0 /Users/MmeR/Sites/appms/workbench/indianajone/roles-and-permissions/vendor/illuminate/database/Illuminate/Database/Connection.php(283): Illuminate\Database\Connection->run('select * from `...', Array, Object(Closure))
#1 /Users/MmeR/Sites/appms/workbench/indianajone/roles-and-permissions/vendor/illuminate/database/Illuminate/Database/Query/Builder.php(1213): Illuminate\Database\Connection->select('select * from `...', Array)
#2 /Users/MmeR/Sites/appms/workbench/indianajone/roles-and-permissions/vendor/illuminate/database/Illuminate/Database/Query/Builder.php(1203): Illuminate\Database\Query\Builder->runSelect()
#3 /Users/MmeR/Sites/appms/workbench/indianajone/roles-and-permissions/vendor/illuminate/database/Illuminate/Database/Query/Builder.php(1190): Illuminate\Database\Query\Builder->getFresh(Array)
#4 /Users/MmeR/Sites/appms/workbench/indianajone/roles-and-permissions/vendor/illuminate/database/Illuminate/Database/Query/Builder.php(1175): Illuminate\Database\Query\Builder->get(Array)
#5 /Users/MmeR/Sites/appms/workbench/indianajone/applications/src/Indianajone/Applications/Appl.php(15): Illuminate\Database\Query\Builder->first()
#6 /Users/MmeR/Sites/appms/workbench/max/user/vendor/illuminate/support/Illuminate/Support/Facades/Facade.php(208): Indianajone\Applications\Appl->getAppIDByKey(NULL)
#7 /Users/MmeR/Sites/appms/workbench/max/member/src/controllers/MemberController.php(58): Illuminate\Support\Facades\Facade::__callStatic('getAppIDByKey', Array)
#8 /Users/MmeR/Sites/appms/workbench/max/member/src/controllers/MemberController.php(58): Indianajone\Applications\Facades\Application::getAppIDByKey(NULL)
#9 /Users/MmeR/Sites/appms/workbench/max/member/src/controllers/MemberController.php(46): Max\Member\Controllers\MemberController->store()
#10 [internal function]: Max\Member\Controllers\MemberController->create()
#11 /Users/MmeR/Sites/appms/vendor/laravel/framework/src/Illuminate/Routing/Controller.php(194): call_user_func_array(Array, Array)
#12 /Users/MmeR/Sites/appms/vendor/laravel/framework/src/Illuminate/Routing/ControllerDispatcher.php(93): Illuminate\Routing\Controller->callAction('create', Array)
#13 /Users/MmeR/Sites/appms/vendor/laravel/framework/src/Illuminate/Routing/ControllerDispatcher.php(62): Illuminate\Routing\ControllerDispatcher->call(Object(Max\Member\Controllers\MemberController), Object(Illuminate\Routing\Route), 'create')
#14 /Users/MmeR/Sites/appms/vendor/laravel/framework/src/Illuminate/Routing/Router.php(925): Illuminate\Routing\ControllerDispatcher->dispatch(Object(Illuminate\Routing\Route), Object(Illuminate\Http\Request), 'Max\Member\Cont...', 'create')
#15 [internal function]: Illuminate\Routing\Router->Illuminate\Routing\{closure}()
#16 /Users/MmeR/Sites/appms/vendor/laravel/framework/src/Illuminate/Routing/Route.php(105): call_user_func_array(Object(Closure), Array)
#17 /Users/MmeR/Sites/appms/vendor/laravel/framework/src/Illuminate/Routing/Router.php(989): Illuminate\Routing\Route->run(Object(Illuminate\Http\Request))
#18 /Users/MmeR/Sites/appms/vendor/laravel/framework/src/Illuminate/Routing/Router.php(959): Illuminate\Routing\Router->dispatchToRoute(Object(Illuminate\Http\Request))
#19 /Users/MmeR/Sites/appms/vendor/laravel/framework/src/Illuminate/Foundation/Application.php(738): Illuminate\Routing\Router->dispatch(Object(Illuminate\Http\Request))
#20 /Users/MmeR/Sites/appms/vendor/laravel/framework/src/Illuminate/Foundation/Application.php(708): Illuminate\Foundation\Application->dispatch(Object(Illuminate\Http\Request))
#21 /Users/MmeR/Sites/appms/vendor/laravel/framework/src/Illuminate/Http/FrameGuard.php(38): Illuminate\Foundation\Application->handle(Object(Illuminate\Http\Request), 1, true)
#22 /Users/MmeR/Sites/appms/vendor/laravel/framework/src/Illuminate/Session/Middleware.php(72): Illuminate\Http\FrameGuard->handle(Object(Illuminate\Http\Request), 1, true)
#23 /Users/MmeR/Sites/appms/vendor/laravel/framework/src/Illuminate/Cookie/Queue.php(47): Illuminate\Session\Middleware->handle(Object(Illuminate\Http\Request), 1, true)
#24 /Users/MmeR/Sites/appms/vendor/laravel/framework/src/Illuminate/Cookie/Guard.php(51): Illuminate\Cookie\Queue->handle(Object(Illuminate\Http\Request), 1, true)
#25 /Users/MmeR/Sites/appms/vendor/stack/builder/src/Stack/StackedHttpKernel.php(23): Illuminate\Cookie\Guard->handle(Object(Illuminate\Http\Request), 1, true)
#26 /Users/MmeR/Sites/appms/vendor/laravel/framework/src/Illuminate/Foundation/Application.php(606): Stack\StackedHttpKernel->handle(Object(Illuminate\Http\Request))
#27 /Users/MmeR/Sites/appms/public/index.php(49): Illuminate\Foundation\Application->run()
#28 /Users/MmeR/Sites/appms/server.php(19): require_once('/Users/MmeR/Sit...')
#29 {main} [] []
[2014-01-30 01:39:34] local.ERROR: exception 'ErrorException' with message 'Trying to get property of non-object' in /Users/MmeR/Sites/appms/workbench/max/member/src/controllers/MemberController.php:58
Stack trace:
#0 /Users/MmeR/Sites/appms/workbench/max/member/src/controllers/MemberController.php(58): Illuminate\Exception\Handler->handleError(8, 'Trying to get p...', '/Users/MmeR/Sit...', 58, Array)
#1 /Users/MmeR/Sites/appms/workbench/max/member/src/controllers/MemberController.php(46): Max\Member\Controllers\MemberController->store()
#2 [internal function]: Max\Member\Controllers\MemberController->create()
#3 /Users/MmeR/Sites/appms/vendor/laravel/framework/src/Illuminate/Routing/Controller.php(194): call_user_func_array(Array, Array)
#4 /Users/MmeR/Sites/appms/vendor/laravel/framework/src/Illuminate/Routing/ControllerDispatcher.php(93): Illuminate\Routing\Controller->callAction('create', Array)
#5 /Users/MmeR/Sites/appms/vendor/laravel/framework/src/Illuminate/Routing/ControllerDispatcher.php(62): Illuminate\Routing\ControllerDispatcher->call(Object(Max\Member\Controllers\MemberController), Object(Illuminate\Routing\Route), 'create')
#6 /Users/MmeR/Sites/appms/vendor/laravel/framework/src/Illuminate/Routing/Router.php(925): Illuminate\Routing\ControllerDispatcher->dispatch(Object(Illuminate\Routing\Route), Object(Illuminate\Http\Request), 'Max\Member\Cont...', 'create')
#7 [internal function]: Illuminate\Routing\Router->Illuminate\Routing\{closure}()
#8 /Users/MmeR/Sites/appms/vendor/laravel/framework/src/Illuminate/Routing/Route.php(105): call_user_func_array(Object(Closure), Array)
#9 /Users/MmeR/Sites/appms/vendor/laravel/framework/src/Illuminate/Routing/Router.php(989): Illuminate\Routing\Route->run(Object(Illuminate\Http\Request))
#10 /Users/MmeR/Sites/appms/vendor/laravel/framework/src/Illuminate/Routing/Router.php(959): Illuminate\Routing\Router->dispatchToRoute(Object(Illuminate\Http\Request))
#11 /Users/MmeR/Sites/appms/vendor/laravel/framework/src/Illuminate/Foundation/Application.php(738): Illuminate\Routing\Router->dispatch(Object(Illuminate\Http\Request))
#12 /Users/MmeR/Sites/appms/vendor/laravel/framework/src/Illuminate/Foundation/Application.php(708): Illuminate\Foundation\Application->dispatch(Object(Illuminate\Http\Request))
#13 /Users/MmeR/Sites/appms/vendor/laravel/framework/src/Illuminate/Http/FrameGuard.php(38): Illuminate\Foundation\Application->handle(Object(Illuminate\Http\Request), 1, true)
#14 /Users/MmeR/Sites/appms/vendor/laravel/framework/src/Illuminate/Session/Middleware.php(72): Illuminate\Http\FrameGuard->handle(Object(Illuminate\Http\Request), 1, true)
#15 /Users/MmeR/Sites/appms/vendor/laravel/framework/src/Illuminate/Cookie/Queue.php(47): Illuminate\Session\Middleware->handle(Object(Illuminate\Http\Request), 1, true)
#16 /Users/MmeR/Sites/appms/vendor/laravel/framework/src/Illuminate/Cookie/Guard.php(51): Illuminate\Cookie\Queue->handle(Object(Illuminate\Http\Request), 1, true)
#17 /Users/MmeR/Sites/appms/vendor/stack/builder/src/Stack/StackedHttpKernel.php(23): Illuminate\Cookie\Guard->handle(Object(Illuminate\Http\Request), 1, true)
#18 /Users/MmeR/Sites/appms/vendor/laravel/framework/src/Illuminate/Foundation/Application.php(606): Stack\StackedHttpKernel->handle(Object(Illuminate\Http\Request))
#19 /Users/MmeR/Sites/appms/public/index.php(49): Illuminate\Foundation\Application->run()
#20 /Users/MmeR/Sites/appms/server.php(19): require_once('/Users/MmeR/Sit...')
#21 {main} [] []
[2014-01-30 01:39:59] local.ERROR: exception 'ErrorException' with message 'Trying to get property of non-object' in /Users/MmeR/Sites/appms/workbench/max/member/src/controllers/MemberController.php:58
Stack trace:
#0 /Users/MmeR/Sites/appms/workbench/max/member/src/controllers/MemberController.php(58): Illuminate\Exception\Handler->handleError(8, 'Trying to get p...', '/Users/MmeR/Sit...', 58, Array)
#1 /Users/MmeR/Sites/appms/workbench/max/member/src/controllers/MemberController.php(46): Max\Member\Controllers\MemberController->store()
#2 [internal function]: Max\Member\Controllers\MemberController->create()
#3 /Users/MmeR/Sites/appms/vendor/laravel/framework/src/Illuminate/Routing/Controller.php(194): call_user_func_array(Array, Array)
#4 /Users/MmeR/Sites/appms/vendor/laravel/framework/src/Illuminate/Routing/ControllerDispatcher.php(93): Illuminate\Routing\Controller->callAction('create', Array)
#5 /Users/MmeR/Sites/appms/vendor/laravel/framework/src/Illuminate/Routing/ControllerDispatcher.php(62): Illuminate\Routing\ControllerDispatcher->call(Object(Max\Member\Controllers\MemberController), Object(Illuminate\Routing\Route), 'create')
#6 /Users/MmeR/Sites/appms/vendor/laravel/framework/src/Illuminate/Routing/Router.php(925): Illuminate\Routing\ControllerDispatcher->dispatch(Object(Illuminate\Routing\Route), Object(Illuminate\Http\Request), 'Max\Member\Cont...', 'create')
#7 [internal function]: Illuminate\Routing\Router->Illuminate\Routing\{closure}()
#8 /Users/MmeR/Sites/appms/vendor/laravel/framework/src/Illuminate/Routing/Route.php(105): call_user_func_array(Object(Closure), Array)
#9 /Users/MmeR/Sites/appms/vendor/laravel/framework/src/Illuminate/Routing/Router.php(989): Illuminate\Routing\Route->run(Object(Illuminate\Http\Request))
#10 /Users/MmeR/Sites/appms/vendor/laravel/framework/src/Illuminate/Routing/Router.php(959): Illuminate\Routing\Router->dispatchToRoute(Object(Illuminate\Http\Request))
#11 /Users/MmeR/Sites/appms/vendor/laravel/framework/src/Illuminate/Foundation/Application.php(738): Illuminate\Routing\Router->dispatch(Object(Illuminate\Http\Request))
#12 /Users/MmeR/Sites/appms/vendor/laravel/framework/src/Illuminate/Foundation/Application.php(708): Illuminate\Foundation\Application->dispatch(Object(Illuminate\Http\Request))
#13 /Users/MmeR/Sites/appms/vendor/laravel/framework/src/Illuminate/Http/FrameGuard.php(38): Illuminate\Foundation\Application->handle(Object(Illuminate\Http\Request), 1, true)
#14 /Users/MmeR/Sites/appms/vendor/laravel/framework/src/Illuminate/Session/Middleware.php(72): Illuminate\Http\FrameGuard->handle(Object(Illuminate\Http\Request), 1, true)
#15 /Users/MmeR/Sites/appms/vendor/laravel/framework/src/Illuminate/Cookie/Queue.php(47): Illuminate\Session\Middleware->handle(Object(Illuminate\Http\Request), 1, true)
#16 /Users/MmeR/Sites/appms/vendor/laravel/framework/src/Illuminate/Cookie/Guard.php(51): Illuminate\Cookie\Queue->handle(Object(Illuminate\Http\Request), 1, true)
#17 /Users/MmeR/Sites/appms/vendor/stack/builder/src/Stack/StackedHttpKernel.php(23): Illuminate\Cookie\Guard->handle(Object(Illuminate\Http\Request), 1, true)
#18 /Users/MmeR/Sites/appms/vendor/laravel/framework/src/Illuminate/Foundation/Application.php(606): Stack\StackedHttpKernel->handle(Object(Illuminate\Http\Request))
#19 /Users/MmeR/Sites/appms/public/index.php(49): Illuminate\Foundation\Application->run()
#20 /Users/MmeR/Sites/appms/server.php(19): require_once('/Users/MmeR/Sit...')
#21 {main} [] []
[2014-01-30 01:42:05] local.ERROR: exception 'ErrorException' with message 'Trying to get property of non-object' in /Users/MmeR/Sites/appms/workbench/indianajone/applications/src/Indianajone/Applications/Appl.php:16
Stack trace:
#0 /Users/MmeR/Sites/appms/workbench/indianajone/applications/src/Indianajone/Applications/Appl.php(16): Illuminate\Exception\Handler->handleError(8, 'Trying to get p...', '/Users/MmeR/Sit...', 16, Array)
#1 /Users/MmeR/Sites/appms/workbench/max/user/vendor/illuminate/support/Illuminate/Support/Facades/Facade.php(208): Indianajone\Applications\Appl->getAppIDByKey(NULL)
#2 /Users/MmeR/Sites/appms/workbench/max/member/src/controllers/MemberController.php(58): Illuminate\Support\Facades\Facade::__callStatic('getAppIDByKey', Array)
#3 /Users/MmeR/Sites/appms/workbench/max/member/src/controllers/MemberController.php(58): Indianajone\Applications\Facades\Application::getAppIDByKey(NULL)
#4 /Users/MmeR/Sites/appms/workbench/max/member/src/controllers/MemberController.php(46): Max\Member\Controllers\MemberController->store()
#5 [internal function]: Max\Member\Controllers\MemberController->create()
#6 /Users/MmeR/Sites/appms/vendor/laravel/framework/src/Illuminate/Routing/Controller.php(194): call_user_func_array(Array, Array)
#7 /Users/MmeR/Sites/appms/vendor/laravel/framework/src/Illuminate/Routing/ControllerDispatcher.php(93): Illuminate\Routing\Controller->callAction('create', Array)
#8 /Users/MmeR/Sites/appms/vendor/laravel/framework/src/Illuminate/Routing/ControllerDispatcher.php(62): Illuminate\Routing\ControllerDispatcher->call(Object(Max\Member\Controllers\MemberController), Object(Illuminate\Routing\Route), 'create')
#9 /Users/MmeR/Sites/appms/vendor/laravel/framework/src/Illuminate/Routing/Router.php(925): Illuminate\Routing\ControllerDispatcher->dispatch(Object(Illuminate\Routing\Route), Object(Illuminate\Http\Request), 'Max\Member\Cont...', 'create')
#10 [internal function]: Illuminate\Routing\Router->Illuminate\Routing\{closure}()
#11 /Users/MmeR/Sites/appms/vendor/laravel/framework/src/Illuminate/Routing/Route.php(105): call_user_func_array(Object(Closure), Array)
#12 /Users/MmeR/Sites/appms/vendor/laravel/framework/src/Illuminate/Routing/Router.php(989): Illuminate\Routing\Route->run(Object(Illuminate\Http\Request))
#13 /Users/MmeR/Sites/appms/vendor/laravel/framework/src/Illuminate/Routing/Router.php(959): Illuminate\Routing\Router->dispatchToRoute(Object(Illuminate\Http\Request))
#14 /Users/MmeR/Sites/appms/vendor/laravel/framework/src/Illuminate/Foundation/Application.php(738): Illuminate\Routing\Router->dispatch(Object(Illuminate\Http\Request))
#15 /Users/MmeR/Sites/appms/vendor/laravel/framework/src/Illuminate/Foundation/Application.php(708): Illuminate\Foundation\Application->dispatch(Object(Illuminate\Http\Request))
#16 /Users/MmeR/Sites/appms/vendor/laravel/framework/src/Illuminate/Http/FrameGuard.php(38): Illuminate\Foundation\Application->handle(Object(Illuminate\Http\Request), 1, true)
#17 /Users/MmeR/Sites/appms/vendor/laravel/framework/src/Illuminate/Session/Middleware.php(72): Illuminate\Http\FrameGuard->handle(Object(Illuminate\Http\Request), 1, true)
#18 /Users/MmeR/Sites/appms/vendor/laravel/framework/src/Illuminate/Cookie/Queue.php(47): Illuminate\Session\Middleware->handle(Object(Illuminate\Http\Request), 1, true)
#19 /Users/MmeR/Sites/appms/vendor/laravel/framework/src/Illuminate/Cookie/Guard.php(51): Illuminate\Cookie\Queue->handle(Object(Illuminate\Http\Request), 1, true)
#20 /Users/MmeR/Sites/appms/vendor/stack/builder/src/Stack/StackedHttpKernel.php(23): Illuminate\Cookie\Guard->handle(Object(Illuminate\Http\Request), 1, true)
#21 /Users/MmeR/Sites/appms/vendor/laravel/framework/src/Illuminate/Foundation/Application.php(606): Stack\StackedHttpKernel->handle(Object(Illuminate\Http\Request))
#22 /Users/MmeR/Sites/appms/public/index.php(49): Illuminate\Foundation\Application->run()
#23 /Users/MmeR/Sites/appms/server.php(19): require_once('/Users/MmeR/Sit...')
#24 {main} [] []
[2014-01-30 01:43:05] local.ERROR: exception 'ErrorException' with message 'Trying to get property of non-object' in /Users/MmeR/Sites/appms/workbench/indianajone/applications/src/Indianajone/Applications/Appl.php:16
Stack trace:
#0 /Users/MmeR/Sites/appms/workbench/indianajone/applications/src/Indianajone/Applications/Appl.php(16): Illuminate\Exception\Handler->handleError(8, 'Trying to get p...', '/Users/MmeR/Sit...', 16, Array)
#1 /Users/MmeR/Sites/appms/workbench/max/user/vendor/illuminate/support/Illuminate/Support/Facades/Facade.php(208): Indianajone\Applications\Appl->getAppIDByKey(NULL)
#2 /Users/MmeR/Sites/appms/workbench/max/member/src/controllers/MemberController.php(58): Illuminate\Support\Facades\Facade::__callStatic('getAppIDByKey', Array)
#3 /Users/MmeR/Sites/appms/workbench/max/member/src/controllers/MemberController.php(58): Indianajone\Applications\Facades\Application::getAppIDByKey(NULL)
#4 /Users/MmeR/Sites/appms/workbench/max/member/src/controllers/MemberController.php(46): Max\Member\Controllers\MemberController->store()
#5 [internal function]: Max\Member\Controllers\MemberController->create()
#6 /Users/MmeR/Sites/appms/vendor/laravel/framework/src/Illuminate/Routing/Controller.php(194): call_user_func_array(Array, Array)
#7 /Users/MmeR/Sites/appms/vendor/laravel/framework/src/Illuminate/Routing/ControllerDispatcher.php(93): Illuminate\Routing\Controller->callAction('create', Array)
#8 /Users/MmeR/Sites/appms/vendor/laravel/framework/src/Illuminate/Routing/ControllerDispatcher.php(62): Illuminate\Routing\ControllerDispatcher->call(Object(Max\Member\Controllers\MemberController), Object(Illuminate\Routing\Route), 'create')
#9 /Users/MmeR/Sites/appms/vendor/laravel/framework/src/Illuminate/Routing/Router.php(925): Illuminate\Routing\ControllerDispatcher->dispatch(Object(Illuminate\Routing\Route), Object(Illuminate\Http\Request), 'Max\Member\Cont...', 'create')
#10 [internal function]: Illuminate\Routing\Router->Illuminate\Routing\{closure}()
#11 /Users/MmeR/Sites/appms/vendor/laravel/framework/src/Illuminate/Routing/Route.php(105): call_user_func_array(Object(Closure), Array)
#12 /Users/MmeR/Sites/appms/vendor/laravel/framework/src/Illuminate/Routing/Router.php(989): Illuminate\Routing\Route->run(Object(Illuminate\Http\Request))
#13 /Users/MmeR/Sites/appms/vendor/laravel/framework/src/Illuminate/Routing/Router.php(959): Illuminate\Routing\Router->dispatchToRoute(Object(Illuminate\Http\Request))
#14 /Users/MmeR/Sites/appms/vendor/laravel/framework/src/Illuminate/Foundation/Application.php(738): Illuminate\Routing\Router->dispatch(Object(Illuminate\Http\Request))
#15 /Users/MmeR/Sites/appms/vendor/laravel/framework/src/Illuminate/Foundation/Application.php(708): Illuminate\Foundation\Application->dispatch(Object(Illuminate\Http\Request))
#16 /Users/MmeR/Sites/appms/vendor/laravel/framework/src/Illuminate/Http/FrameGuard.php(38): Illuminate\Foundation\Application->handle(Object(Illuminate\Http\Request), 1, true)
#17 /Users/MmeR/Sites/appms/vendor/laravel/framework/src/Illuminate/Session/Middleware.php(72): Illuminate\Http\FrameGuard->handle(Object(Illuminate\Http\Request), 1, true)
#18 /Users/MmeR/Sites/appms/vendor/laravel/framework/src/Illuminate/Cookie/Queue.php(47): Illuminate\Session\Middleware->handle(Object(Illuminate\Http\Request), 1, true)
#19 /Users/MmeR/Sites/appms/vendor/laravel/framework/src/Illuminate/Cookie/Guard.php(51): Illuminate\Cookie\Queue->handle(Object(Illuminate\Http\Request), 1, true)
#20 /Users/MmeR/Sites/appms/vendor/stack/builder/src/Stack/StackedHttpKernel.php(23): Illuminate\Cookie\Guard->handle(Object(Illuminate\Http\Request), 1, true)
#21 /Users/MmeR/Sites/appms/vendor/laravel/framework/src/Illuminate/Foundation/Application.php(606): Stack\StackedHttpKernel->handle(Object(Illuminate\Http\Request))
#22 /Users/MmeR/Sites/appms/public/index.php(49): Illuminate\Foundation\Application->run()
#23 /Users/MmeR/Sites/appms/server.php(19): require_once('/Users/MmeR/Sit...')
#24 {main} [] []
[2014-01-30 01:43:20] local.ERROR: exception 'Illuminate\Database\QueryException' with message 'SQLSTATE[23000]: Integrity constraint violation: 1048 Column 'app_id' cannot be null (SQL: insert into `members` (`app_id`, `parent_id`, `fbid`, `fbtoken`, `username`, `password`, `title`, `first_name`, `last_name`, `other_name`, `phone`, `mobile`, `email`, `address`, `gender`, `birthday`, `description`, `type`, `last_seen`, `status`, `updated_at`, `created_at`) values (, 0, , , Test, y$nSIrhOpdu8W6QlFe81AZjOaDJUdZklDQiM8UC/C6KRSDaM02CQMmu, , Hello, world, , , , hello@world.com, , , , , register, 1391021000, 1, 1391021000, 1391021000))' in /Users/MmeR/Sites/appms/workbench/indianajone/roles-and-permissions/vendor/illuminate/database/Illuminate/Database/Connection.php:539
Stack trace:
#0 /Users/MmeR/Sites/appms/workbench/indianajone/roles-and-permissions/vendor/illuminate/database/Illuminate/Database/Connection.php(338): Illuminate\Database\Connection->run('insert into `me...', Array, Object(Closure))
#1 /Users/MmeR/Sites/appms/workbench/indianajone/roles-and-permissions/vendor/illuminate/database/Illuminate/Database/Connection.php(295): Illuminate\Database\Connection->statement('insert into `me...', Array)
#2 /Users/MmeR/Sites/appms/workbench/indianajone/roles-and-permissions/vendor/illuminate/database/Illuminate/Database/Query/Processors/Processor.php(30): Illuminate\Database\Connection->insert('insert into `me...', Array)
#3 /Users/MmeR/Sites/appms/workbench/indianajone/roles-and-permissions/vendor/illuminate/database/Illuminate/Database/Query/Builder.php(1651): Illuminate\Database\Query\Processors\Processor->processInsertGetId(Object(Illuminate\Database\Query\Builder), 'insert into `me...', Array, 'id')
#4 [internal function]: Illuminate\Database\Query\Builder->insertGetId(Array, 'id')
#5 /Users/MmeR/Sites/appms/workbench/indianajone/roles-and-permissions/vendor/illuminate/database/Illuminate/Database/Eloquent/Builder.php(912): call_user_func_array(Array, Array)
#6 /Users/MmeR/Sites/appms/workbench/indianajone/roles-and-permissions/vendor/illuminate/database/Illuminate/Database/Eloquent/Model.php(1407): Illuminate\Database\Eloquent\Builder->__call('insertGetId', Array)
#7 /Users/MmeR/Sites/appms/workbench/indianajone/roles-and-permissions/vendor/illuminate/database/Illuminate/Database/Eloquent/Model.php(1407): Illuminate\Database\Eloquent\Builder->insertGetId(Array, 'id')
#8 /Users/MmeR/Sites/appms/workbench/indianajone/roles-and-permissions/vendor/illuminate/database/Illuminate/Database/Eloquent/Model.php(1377): Illuminate\Database\Eloquent\Model->insertAndSetId(Object(Illuminate\Database\Eloquent\Builder), Array)
#9 /Users/MmeR/Sites/appms/workbench/indianajone/roles-and-permissions/vendor/illuminate/database/Illuminate/Database/Eloquent/Model.php(1288): Illuminate\Database\Eloquent\Model->performInsert(Object(Illuminate\Database\Eloquent\Builder))
#10 /Users/MmeR/Sites/appms/workbench/indianajone/roles-and-permissions/vendor/illuminate/database/Illuminate/Database/Eloquent/Model.php(400): Illuminate\Database\Eloquent\Model->save()
#11 /Users/MmeR/Sites/appms/workbench/max/member/src/controllers/MemberController.php(79): Illuminate\Database\Eloquent\Model::create(Array)
#12 /Users/MmeR/Sites/appms/workbench/max/member/src/controllers/MemberController.php(46): Max\Member\Controllers\MemberController->store()
#13 [internal function]: Max\Member\Controllers\MemberController->create()
#14 /Users/MmeR/Sites/appms/vendor/laravel/framework/src/Illuminate/Routing/Controller.php(194): call_user_func_array(Array, Array)
#15 /Users/MmeR/Sites/appms/vendor/laravel/framework/src/Illuminate/Routing/ControllerDispatcher.php(93): Illuminate\Routing\Controller->callAction('create', Array)
#16 /Users/MmeR/Sites/appms/vendor/laravel/framework/src/Illuminate/Routing/ControllerDispatcher.php(62): Illuminate\Routing\ControllerDispatcher->call(Object(Max\Member\Controllers\MemberController), Object(Illuminate\Routing\Route), 'create')
#17 /Users/MmeR/Sites/appms/vendor/laravel/framework/src/Illuminate/Routing/Router.php(925): Illuminate\Routing\ControllerDispatcher->dispatch(Object(Illuminate\Routing\Route), Object(Illuminate\Http\Request), 'Max\Member\Cont...', 'create')
#18 [internal function]: Illuminate\Routing\Router->Illuminate\Routing\{closure}()
#19 /Users/MmeR/Sites/appms/vendor/laravel/framework/src/Illuminate/Routing/Route.php(105): call_user_func_array(Object(Closure), Array)
#20 /Users/MmeR/Sites/appms/vendor/laravel/framework/src/Illuminate/Routing/Router.php(989): Illuminate\Routing\Route->run(Object(Illuminate\Http\Request))
#21 /Users/MmeR/Sites/appms/vendor/laravel/framework/src/Illuminate/Routing/Router.php(959): Illuminate\Routing\Router->dispatchToRoute(Object(Illuminate\Http\Request))
#22 /Users/MmeR/Sites/appms/vendor/laravel/framework/src/Illuminate/Foundation/Application.php(738): Illuminate\Routing\Router->dispatch(Object(Illuminate\Http\Request))
#23 /Users/MmeR/Sites/appms/vendor/laravel/framework/src/Illuminate/Foundation/Application.php(708): Illuminate\Foundation\Application->dispatch(Object(Illuminate\Http\Request))
#24 /Users/MmeR/Sites/appms/vendor/laravel/framework/src/Illuminate/Http/FrameGuard.php(38): Illuminate\Foundation\Application->handle(Object(Illuminate\Http\Request), 1, true)
#25 /Users/MmeR/Sites/appms/vendor/laravel/framework/src/Illuminate/Session/Middleware.php(72): Illuminate\Http\FrameGuard->handle(Object(Illuminate\Http\Request), 1, true)
#26 /Users/MmeR/Sites/appms/vendor/laravel/framework/src/Illuminate/Cookie/Queue.php(47): Illuminate\Session\Middleware->handle(Object(Illuminate\Http\Request), 1, true)
#27 /Users/MmeR/Sites/appms/vendor/laravel/framework/src/Illuminate/Cookie/Guard.php(51): Illuminate\Cookie\Queue->handle(Object(Illuminate\Http\Request), 1, true)
#28 /Users/MmeR/Sites/appms/vendor/stack/builder/src/Stack/StackedHttpKernel.php(23): Illuminate\Cookie\Guard->handle(Object(Illuminate\Http\Request), 1, true)
#29 /Users/MmeR/Sites/appms/vendor/laravel/framework/src/Illuminate/Foundation/Application.php(606): Stack\StackedHttpKernel->handle(Object(Illuminate\Http\Request))
#30 /Users/MmeR/Sites/appms/public/index.php(49): Illuminate\Foundation\Application->run()
#31 /Users/MmeR/Sites/appms/server.php(19): require_once('/Users/MmeR/Sit...')
#32 {main} [] []
[2014-01-30 01:45:38] local.ERROR: exception 'BadMethodCallException' with message 'Method [validateExist] does not exist.' in /Users/MmeR/Sites/appms/workbench/indianajone/roles-and-permissions/vendor/illuminate/validation/Illuminate/Validation/Validator.php:2053
Stack trace:
#0 /Users/MmeR/Sites/appms/workbench/indianajone/roles-and-permissions/vendor/illuminate/validation/Illuminate/Validation/Validator.php(267): Illuminate\Validation\Validator->__call('validateExist', Array)
#1 /Users/MmeR/Sites/appms/workbench/indianajone/roles-and-permissions/vendor/illuminate/validation/Illuminate/Validation/Validator.php(267): Illuminate\Validation\Validator->validateExist('appkey', 'sadsad', Array, Object(Illuminate\Validation\Validator))
#2 /Users/MmeR/Sites/appms/workbench/indianajone/roles-and-permissions/vendor/illuminate/validation/Illuminate/Validation/Validator.php(228): Illuminate\Validation\Validator->validate('appkey', 'exist:applicati...')
#3 /Users/MmeR/Sites/appms/workbench/max/member/src/controllers/MemberController.php(53): Illuminate\Validation\Validator->passes()
#4 /Users/MmeR/Sites/appms/workbench/max/member/src/controllers/MemberController.php(46): Max\Member\Controllers\MemberController->store()
#5 [internal function]: Max\Member\Controllers\MemberController->create()
#6 /Users/MmeR/Sites/appms/vendor/laravel/framework/src/Illuminate/Routing/Controller.php(194): call_user_func_array(Array, Array)
#7 /Users/MmeR/Sites/appms/vendor/laravel/framework/src/Illuminate/Routing/ControllerDispatcher.php(93): Illuminate\Routing\Controller->callAction('create', Array)
#8 /Users/MmeR/Sites/appms/vendor/laravel/framework/src/Illuminate/Routing/ControllerDispatcher.php(62): Illuminate\Routing\ControllerDispatcher->call(Object(Max\Member\Controllers\MemberController), Object(Illuminate\Routing\Route), 'create')
#9 /Users/MmeR/Sites/appms/vendor/laravel/framework/src/Illuminate/Routing/Router.php(925): Illuminate\Routing\ControllerDispatcher->dispatch(Object(Illuminate\Routing\Route), Object(Illuminate\Http\Request), 'Max\Member\Cont...', 'create')
#10 [internal function]: Illuminate\Routing\Router->Illuminate\Routing\{closure}()
#11 /Users/MmeR/Sites/appms/vendor/laravel/framework/src/Illuminate/Routing/Route.php(105): call_user_func_array(Object(Closure), Array)
#12 /Users/MmeR/Sites/appms/vendor/laravel/framework/src/Illuminate/Routing/Router.php(989): Illuminate\Routing\Route->run(Object(Illuminate\Http\Request))
#13 /Users/MmeR/Sites/appms/vendor/laravel/framework/src/Illuminate/Routing/Router.php(959): Illuminate\Routing\Router->dispatchToRoute(Object(Illuminate\Http\Request))
#14 /Users/MmeR/Sites/appms/vendor/laravel/framework/src/Illuminate/Foundation/Application.php(738): Illuminate\Routing\Router->dispatch(Object(Illuminate\Http\Request))
#15 /Users/MmeR/Sites/appms/vendor/laravel/framework/src/Illuminate/Foundation/Application.php(708): Illuminate\Foundation\Application->dispatch(Object(Illuminate\Http\Request))
#16 /Users/MmeR/Sites/appms/vendor/laravel/framework/src/Illuminate/Http/FrameGuard.php(38): Illuminate\Foundation\Application->handle(Object(Illuminate\Http\Request), 1, true)
#17 /Users/MmeR/Sites/appms/vendor/laravel/framework/src/Illuminate/Session/Middleware.php(72): Illuminate\Http\FrameGuard->handle(Object(Illuminate\Http\Request), 1, true)
#18 /Users/MmeR/Sites/appms/vendor/laravel/framework/src/Illuminate/Cookie/Queue.php(47): Illuminate\Session\Middleware->handle(Object(Illuminate\Http\Request), 1, true)
#19 /Users/MmeR/Sites/appms/vendor/laravel/framework/src/Illuminate/Cookie/Guard.php(51): Illuminate\Cookie\Queue->handle(Object(Illuminate\Http\Request), 1, true)
#20 /Users/MmeR/Sites/appms/vendor/stack/builder/src/Stack/StackedHttpKernel.php(23): Illuminate\Cookie\Guard->handle(Object(Illuminate\Http\Request), 1, true)
#21 /Users/MmeR/Sites/appms/vendor/laravel/framework/src/Illuminate/Foundation/Application.php(606): Stack\StackedHttpKernel->handle(Object(Illuminate\Http\Request))
#22 /Users/MmeR/Sites/appms/public/index.php(49): Illuminate\Foundation\Application->run()
#23 /Users/MmeR/Sites/appms/server.php(19): require_once('/Users/MmeR/Sit...')
#24 {main} [] []
[2014-01-30 01:51:55] local.ERROR: exception 'Illuminate\Database\QueryException' with message 'SQLSTATE[42S22]: Column not found: 1054 Unknown column 'app' in 'where clause' (SQL: select * from `members` where `app` = 1 and `status` = 1 limit 10 offset 0)' in /Users/MmeR/Sites/appms/workbench/indianajone/roles-and-permissions/vendor/illuminate/database/Illuminate/Database/Connection.php:539
Stack trace:
#0 /Users/MmeR/Sites/appms/workbench/indianajone/roles-and-permissions/vendor/illuminate/database/Illuminate/Database/Connection.php(283): Illuminate\Database\Connection->run('select * from `...', Array, Object(Closure))
#1 /Users/MmeR/Sites/appms/workbench/indianajone/roles-and-permissions/vendor/illuminate/database/Illuminate/Database/Query/Builder.php(1213): Illuminate\Database\Connection->select('select * from `...', Array)
#2 /Users/MmeR/Sites/appms/workbench/indianajone/roles-and-permissions/vendor/illuminate/database/Illuminate/Database/Query/Builder.php(1203): Illuminate\Database\Query\Builder->runSelect()
#3 /Users/MmeR/Sites/appms/workbench/indianajone/roles-and-permissions/vendor/illuminate/database/Illuminate/Database/Query/Builder.php(1190): Illuminate\Database\Query\Builder->getFresh(Array)
#4 /Users/MmeR/Sites/appms/workbench/indianajone/roles-and-permissions/vendor/illuminate/database/Illuminate/Database/Eloquent/Builder.php(444): Illuminate\Database\Query\Builder->get(Array)
#5 /Users/MmeR/Sites/appms/workbench/indianajone/roles-and-permissions/vendor/illuminate/database/Illuminate/Database/Eloquent/Builder.php(135): Illuminate\Database\Eloquent\Builder->getModels(Array)
#6 /Users/MmeR/Sites/appms/workbench/max/member/src/controllers/MemberController.php(32): Illuminate\Database\Eloquent\Builder->get()
#7 [internal function]: Max\Member\Controllers\MemberController->index()
#8 /Users/MmeR/Sites/appms/vendor/laravel/framework/src/Illuminate/Routing/Controller.php(194): call_user_func_array(Array, Array)
#9 /Users/MmeR/Sites/appms/vendor/laravel/framework/src/Illuminate/Routing/ControllerDispatcher.php(93): Illuminate\Routing\Controller->callAction('index', Array)
#10 /Users/MmeR/Sites/appms/vendor/laravel/framework/src/Illuminate/Routing/ControllerDispatcher.php(62): Illuminate\Routing\ControllerDispatcher->call(Object(Max\Member\Controllers\MemberController), Object(Illuminate\Routing\Route), 'index')
#11 /Users/MmeR/Sites/appms/vendor/laravel/framework/src/Illuminate/Routing/Router.php(925): Illuminate\Routing\ControllerDispatcher->dispatch(Object(Illuminate\Routing\Route), Object(Illuminate\Http\Request), 'Max\Member\Cont...', 'index')
#12 [internal function]: Illuminate\Routing\Router->Illuminate\Routing\{closure}()
#13 /Users/MmeR/Sites/appms/vendor/laravel/framework/src/Illuminate/Routing/Route.php(105): call_user_func_array(Object(Closure), Array)
#14 /Users/MmeR/Sites/appms/vendor/laravel/framework/src/Illuminate/Routing/Router.php(989): Illuminate\Routing\Route->run(Object(Illuminate\Http\Request))
#15 /Users/MmeR/Sites/appms/vendor/laravel/framework/src/Illuminate/Routing/Router.php(959): Illuminate\Routing\Router->dispatchToRoute(Object(Illuminate\Http\Request))
#16 /Users/MmeR/Sites/appms/vendor/laravel/framework/src/Illuminate/Foundation/Application.php(738): Illuminate\Routing\Router->dispatch(Object(Illuminate\Http\Request))
#17 /Users/MmeR/Sites/appms/vendor/laravel/framework/src/Illuminate/Foundation/Application.php(708): Illuminate\Foundation\Application->dispatch(Object(Illuminate\Http\Request))
#18 /Users/MmeR/Sites/appms/vendor/laravel/framework/src/Illuminate/Http/FrameGuard.php(38): Illuminate\Foundation\Application->handle(Object(Illuminate\Http\Request), 1, true)
#19 /Users/MmeR/Sites/appms/vendor/laravel/framework/src/Illuminate/Session/Middleware.php(72): Illuminate\Http\FrameGuard->handle(Object(Illuminate\Http\Request), 1, true)
#20 /Users/MmeR/Sites/appms/vendor/laravel/framework/src/Illuminate/Cookie/Queue.php(47): Illuminate\Session\Middleware->handle(Object(Illuminate\Http\Request), 1, true)
#21 /Users/MmeR/Sites/appms/vendor/laravel/framework/src/Illuminate/Cookie/Guard.php(51): Illuminate\Cookie\Queue->handle(Object(Illuminate\Http\Request), 1, true)
#22 /Users/MmeR/Sites/appms/vendor/stack/builder/src/Stack/StackedHttpKernel.php(23): Illuminate\Cookie\Guard->handle(Object(Illuminate\Http\Request), 1, true)
#23 /Users/MmeR/Sites/appms/vendor/laravel/framework/src/Illuminate/Foundation/Application.php(606): Stack\StackedHttpKernel->handle(Object(Illuminate\Http\Request))
#24 /Users/MmeR/Sites/appms/public/index.php(49): Illuminate\Foundation\Application->run()
#25 /Users/MmeR/Sites/appms/server.php(19): require_once('/Users/MmeR/Sit...')
#26 {main} [] []
[2014-01-30 01:52:13] local.ERROR: exception 'Illuminate\Database\QueryException' with message 'SQLSTATE[42S22]: Column not found: 1054 Unknown column 'appkey' in 'where clause' (SQL: select * from `members` where `appkey` = 1 and `status` = 1 limit 10 offset 0)' in /Users/MmeR/Sites/appms/workbench/indianajone/roles-and-permissions/vendor/illuminate/database/Illuminate/Database/Connection.php:539
Stack trace:
#0 /Users/MmeR/Sites/appms/workbench/indianajone/roles-and-permissions/vendor/illuminate/database/Illuminate/Database/Connection.php(283): Illuminate\Database\Connection->run('select * from `...', Array, Object(Closure))
#1 /Users/MmeR/Sites/appms/workbench/indianajone/roles-and-permissions/vendor/illuminate/database/Illuminate/Database/Query/Builder.php(1213): Illuminate\Database\Connection->select('select * from `...', Array)
#2 /Users/MmeR/Sites/appms/workbench/indianajone/roles-and-permissions/vendor/illuminate/database/Illuminate/Database/Query/Builder.php(1203): Illuminate\Database\Query\Builder->runSelect()
#3 /Users/MmeR/Sites/appms/workbench/indianajone/roles-and-permissions/vendor/illuminate/database/Illuminate/Database/Query/Builder.php(1190): Illuminate\Database\Query\Builder->getFresh(Array)
#4 /Users/MmeR/Sites/appms/workbench/indianajone/roles-and-permissions/vendor/illuminate/database/Illuminate/Database/Eloquent/Builder.php(444): Illuminate\Database\Query\Builder->get(Array)
#5 /Users/MmeR/Sites/appms/workbench/indianajone/roles-and-permissions/vendor/illuminate/database/Illuminate/Database/Eloquent/Builder.php(135): Illuminate\Database\Eloquent\Builder->getModels(Array)
#6 /Users/MmeR/Sites/appms/workbench/max/member/src/controllers/MemberController.php(32): Illuminate\Database\Eloquent\Builder->get()
#7 [internal function]: Max\Member\Controllers\MemberController->index()
#8 /Users/MmeR/Sites/appms/vendor/laravel/framework/src/Illuminate/Routing/Controller.php(194): call_user_func_array(Array, Array)
#9 /Users/MmeR/Sites/appms/vendor/laravel/framework/src/Illuminate/Routing/ControllerDispatcher.php(93): Illuminate\Routing\Controller->callAction('index', Array)
#10 /Users/MmeR/Sites/appms/vendor/laravel/framework/src/Illuminate/Routing/ControllerDispatcher.php(62): Illuminate\Routing\ControllerDispatcher->call(Object(Max\Member\Controllers\MemberController), Object(Illuminate\Routing\Route), 'index')
#11 /Users/MmeR/Sites/appms/vendor/laravel/framework/src/Illuminate/Routing/Router.php(925): Illuminate\Routing\ControllerDispatcher->dispatch(Object(Illuminate\Routing\Route), Object(Illuminate\Http\Request), 'Max\Member\Cont...', 'index')
#12 [internal function]: Illuminate\Routing\Router->Illuminate\Routing\{closure}()
#13 /Users/MmeR/Sites/appms/vendor/laravel/framework/src/Illuminate/Routing/Route.php(105): call_user_func_array(Object(Closure), Array)
#14 /Users/MmeR/Sites/appms/vendor/laravel/framework/src/Illuminate/Routing/Router.php(989): Illuminate\Routing\Route->run(Object(Illuminate\Http\Request))
#15 /Users/MmeR/Sites/appms/vendor/laravel/framework/src/Illuminate/Routing/Router.php(959): Illuminate\Routing\Router->dispatchToRoute(Object(Illuminate\Http\Request))
#16 /Users/MmeR/Sites/appms/vendor/laravel/framework/src/Illuminate/Foundation/Application.php(738): Illuminate\Routing\Router->dispatch(Object(Illuminate\Http\Request))
#17 /Users/MmeR/Sites/appms/vendor/laravel/framework/src/Illuminate/Foundation/Application.php(708): Illuminate\Foundation\Application->dispatch(Object(Illuminate\Http\Request))
#18 /Users/MmeR/Sites/appms/vendor/laravel/framework/src/Illuminate/Http/FrameGuard.php(38): Illuminate\Foundation\Application->handle(Object(Illuminate\Http\Request), 1, true)
#19 /Users/MmeR/Sites/appms/vendor/laravel/framework/src/Illuminate/Session/Middleware.php(72): Illuminate\Http\FrameGuard->handle(Object(Illuminate\Http\Request), 1, true)
#20 /Users/MmeR/Sites/appms/vendor/laravel/framework/src/Illuminate/Cookie/Queue.php(47): Illuminate\Session\Middleware->handle(Object(Illuminate\Http\Request), 1, true)
#21 /Users/MmeR/Sites/appms/vendor/laravel/framework/src/Illuminate/Cookie/Guard.php(51): Illuminate\Cookie\Queue->handle(Object(Illuminate\Http\Request), 1, true)
#22 /Users/MmeR/Sites/appms/vendor/stack/builder/src/Stack/StackedHttpKernel.php(23): Illuminate\Cookie\Guard->handle(Object(Illuminate\Http\Request), 1, true)
#23 /Users/MmeR/Sites/appms/vendor/laravel/framework/src/Illuminate/Foundation/Application.php(606): Stack\StackedHttpKernel->handle(Object(Illuminate\Http\Request))
#24 /Users/MmeR/Sites/appms/public/index.php(49): Illuminate\Foundation\Application->run()
#25 /Users/MmeR/Sites/appms/server.php(19): require_once('/Users/MmeR/Sit...')
#26 {main} [] []
[2014-01-30 01:55:03] local.ERROR: exception 'Symfony\Component\Debug\Exception\FatalErrorException' with message 'parse error, expecting `"function (T_FUNCTION)"'' in /Users/MmeR/Sites/appms/workbench/max/member/src/controllers/MemberController.php:122
Stack trace:
#0 [internal function]: Illuminate\Exception\Handler->handleShutdown()
#1 {main} [] []
